04:05:44,490 INFO  [localhost-startStop-2][HotDeployEvent:130] Plugin welcome-theme requires marketplace-portlet, resources-importer-web
04:05:44,550 INFO  [localhost-startStop-2][ThemeHotDeployListener:137] Unregistering themes for welcome-theme
04:05:44,558 INFO  [localhost-startStop-2][ThemeHotDeployListener:169] 1 theme for welcome-theme was unregistered
04:05:44,562 INFO  [localhost-startStop-2][PluginPackageUtil:1016] Reading plugin package for welcome-theme
04:05:44,576 INFO  [localhost-startStop-2][HotDeployEvent:130] Plugin web-form-portlet requires marketplace-portlet
04:05:44,577 INFO  [localhost-startStop-2][PortletHotDeployListener:523] Unregistering portlets for web-form-portlet
04:05:44,591 INFO  [localhost-startStop-2][PortletHotDeployListener:558] 1 portlet for web-form-portlet was unregistered
04:05:44,594 INFO  [localhost-startStop-2][PluginPackageUtil:1016] Reading plugin package for web-form-portlet
04:05:44,680 INFO  [localhost-startStop-2][HotDeployEvent:130] Plugin sync-web requires marketplace-portlet
04:05:44,850 INFO  [localhost-startStop-2][PluginPackageUtil:1016] Reading plugin package for sync-web
04:05:44,874 INFO  [localhost-startStop-2][HotDeployEvent:130] Plugin resources-importer-web requires marketplace-portlet
04:05:44,877 INFO  [localhost-startStop-2][PluginPackageUtil:1016] Reading plugin package for resources-importer-web
04:05:44,882 INFO  [localhost-startStop-2][HotDeployEvent:130] Plugin opensocial-portlet requires marketplace-portlet
04:05:44,883 INFO  [localhost-startStop-2][PortletHotDeployListener:523] Unregistering portlets for opensocial-portlet
04:05:44,888 INFO  [localhost-startStop-2][PortletHotDeployListener:563] 4 portlets for opensocial-portlet were unregistered
04:05:44,894 INFO  [localhost-startStop-2][HookHotDeployListener:944] Hook for opensocial-portlet was unregistered
04:05:45,791 INFO  [localhost-startStop-2][PluginPackageUtil:1016] Reading plugin package for opensocial-portlet
04:05:45,820 INFO  [localhost-startStop-2][HotDeployEvent:130] Plugin notifications-portlet requires marketplace-portlet
04:05:45,820 INFO  [localhost-startStop-2][PortletHotDeployListener:523] Unregistering portlets for notifications-portlet
04:05:45,822 INFO  [localhost-startStop-2][PortletHotDeployListener:563] 2 portlets for notifications-portlet were unregistered
04:05:45,826 INFO  [localhost-startStop-2][HookHotDeployListener:944] Hook for notifications-portlet was unregistered
04:05:45,828 INFO  [localhost-startStop-2][PluginPackageUtil:1016] Reading plugin package for notifications-portlet
04:05:45,833 INFO  [localhost-startStop-2][PortletHotDeployListener:523] Unregistering portlets for marketplace-portlet
04:05:45,835 INFO  [localhost-startStop-2][PortletHotDeployListener:563] 3 portlets for marketplace-portlet were unregistered
04:05:45,836 INFO  [localhost-startStop-2][HookHotDeployListener:944] Hook for marketplace-portlet was unregistered
04:05:45,989 INFO  [localhost-startStop-2][PluginPackageUtil:1016] Reading plugin package for marketplace-portlet
04:05:46,010 INFO  [localhost-startStop-2][HotDeployEvent:130] Plugin kaleo-web requires marketplace-portlet
04:05:46,012 INFO  [localhost-startStop-2][HookHotDeployListener:944] Hook for kaleo-web was unregistered
04:05:46,227 INFO  [localhost-startStop-2][PluginPackageUtil:1016] Reading plugin package for kaleo-web
04:05:46,248 INFO  [localhost-startStop-2][HotDeployEvent:130] Plugin calendar-portlet requires marketplace-portlet
04:05:46,249 INFO  [localhost-startStop-2][SocialHotDeployListener:159] Social for calendar-portlet was unregistered
04:05:46,249 INFO  [localhost-startStop-2][PortletHotDeployListener:523] Unregistering portlets for calendar-portlet
04:05:46,256 INFO  [localhost-startStop-2][PortletHotDeployListener:558] 1 portlet for calendar-portlet was unregistered
04:05:46,327 INFO  [localhost-startStop-2][HookHotDeployListener:944] Hook for calendar-portlet was unregistered
04:05:46,623 INFO  [localhost-startStop-2][PluginPackageUtil:1016] Reading plugin package for calendar-portlet
04:05:46,646 INFO  [localhost-startStop-2][HotDeployEvent:130] Plugin ocms-portlet requires marketplace-portlet
04:05:46,646 INFO  [localhost-startStop-2][PortletHotDeployListener:523] Unregistering portlets for ocms-portlet
04:05:46,648 INFO  [localhost-startStop-2][PortletHotDeployListener:563] 4 portlets for ocms-portlet were unregistered
04:05:46,652 INFO  [localhost-startStop-2][PluginPackageUtil:1016] Reading plugin package for ocms-portlet
04:05:47,814 ERROR [FreeMarker Debugger Server Acceptor][server:96] Debugger server shut down.
java.net.SocketException: socket closed
	at java.net.TwoStacksPlainSocketImpl.socketAccept(Native Method)
	at java.net.AbstractPlainSocketImpl.accept(AbstractPlainSocketImpl.java:398)
	at java.net.PlainSocketImpl.accept(PlainSocketImpl.java:198)
	at java.net.ServerSocket.implAccept(ServerSocket.java:530)
	at java.net.ServerSocket.accept(ServerSocket.java:498)
	at freemarker.debug.impl.DebuggerServer.startInternal(DebuggerServer.java:120)
	at freemarker.debug.impl.DebuggerServer.access$4(DebuggerServer.java:113)
	at freemarker.debug.impl.DebuggerServer$1.run(DebuggerServer.java:108)
	at java.lang.Thread.run(Thread.java:744)
04:17:40,518 INFO  [localhost-startStop-1][DialectDetector:71] Determine dialect for PostgreSQL 9
04:17:40,572 INFO  [localhost-startStop-1][DialectDetector:136] Found dialect org.hibernate.dialect.PostgreSQLDialect
04:18:12,179 INFO  [localhost-startStop-1][BaseDB:481] Database supports case sensitive queries
04:18:12,640 INFO  [localhost-startStop-1][ServerDetector:166] Server supports hot deploy
04:18:12,646 INFO  [localhost-startStop-1][PluginPackageUtil:1013] Reading plugin package for the root context
04:18:45,057 INFO  [localhost-startStop-1][AutoDeployDir:139] Auto deploy scanner started for E:\ocmsLR\bundle\deploy
04:18:47,687 INFO  [localhost-startStop-1][HotDeployEvent:130] Plugin ocms-portlet requires marketplace-portlet
04:18:47,689 INFO  [localhost-startStop-1][HotDeployImpl:252] Queueing ocms-portlet for deploy because it is missing marketplace-portlet
04:18:52,314 INFO  [localhost-startStop-1][HotDeployEvent:130] Plugin calendar-portlet requires marketplace-portlet
04:18:52,314 INFO  [localhost-startStop-1][HotDeployImpl:252] Queueing calendar-portlet for deploy because it is missing marketplace-portlet
04:18:56,843 INFO  [localhost-startStop-1][HotDeployEvent:130] Plugin kaleo-web requires marketplace-portlet
04:18:56,844 INFO  [localhost-startStop-1][HotDeployImpl:252] Queueing kaleo-web for deploy because it is missing marketplace-portlet
04:18:59,656 INFO  [localhost-startStop-1][HotDeployImpl:198] Deploying marketplace-portlet from queue
04:18:59,658 INFO  [localhost-startStop-1][PluginPackageUtil:1016] Reading plugin package for marketplace-portlet
04:19:00,699 INFO  [localhost-startStop-1][HookHotDeployListener:687] Registering hook for marketplace-portlet
04:19:00,896 INFO  [localhost-startStop-1][HookHotDeployListener:814] Hook for marketplace-portlet is available for use
04:19:00,903 INFO  [localhost-startStop-1][PortletHotDeployListener:343] Registering portlets for marketplace-portlet
04:19:01,344 INFO  [localhost-startStop-1][PortletHotDeployListener:495] 3 portlets for marketplace-portlet are available for use
04:19:01,346 INFO  [localhost-startStop-1][HotDeployImpl:198] Deploying ocms-portlet from queue
04:19:01,346 INFO  [localhost-startStop-1][PluginPackageUtil:1016] Reading plugin package for ocms-portlet
04:19:01,976 INFO  [localhost-startStop-1][PortletHotDeployListener:343] Registering portlets for ocms-portlet
04:19:02,234 INFO  [localhost-startStop-1][PortletHotDeployListener:495] 4 portlets for ocms-portlet are available for use
04:19:02,235 INFO  [localhost-startStop-1][HotDeployImpl:198] Deploying calendar-portlet from queue
04:19:02,235 INFO  [localhost-startStop-1][PluginPackageUtil:1016] Reading plugin package for calendar-portlet
04:19:03,423 INFO  [localhost-startStop-1][HookHotDeployListener:687] Registering hook for calendar-portlet
04:19:04,852 INFO  [localhost-startStop-1][HookHotDeployListener:814] Hook for calendar-portlet is available for use
04:19:04,872 INFO  [localhost-startStop-1][PortletHotDeployListener:343] Registering portlets for calendar-portlet
04:19:05,497 INFO  [localhost-startStop-1][PortletHotDeployListener:490] 1 portlet for calendar-portlet is available for use
04:19:05,498 INFO  [localhost-startStop-1][SocialHotDeployListener:94] Registering social for calendar-portlet
04:19:05,499 INFO  [localhost-startStop-1][SocialHotDeployListener:103] Social for calendar-portlet is available for use
04:19:05,500 INFO  [localhost-startStop-1][HotDeployImpl:198] Deploying kaleo-web from queue
04:19:05,500 INFO  [localhost-startStop-1][PluginPackageUtil:1016] Reading plugin package for kaleo-web
04:19:09,322 INFO  [localhost-startStop-1][HookHotDeployListener:687] Registering hook for kaleo-web
04:19:09,349 INFO  [localhost-startStop-1][HookHotDeployListener:814] Hook for kaleo-web is available for use
04:19:10,533 INFO  [localhost-startStop-1][HotDeployEvent:130] Plugin notifications-portlet requires marketplace-portlet
04:19:10,534 INFO  [localhost-startStop-1][HotDeployImpl:198] Deploying notifications-portlet from queue
04:19:10,534 INFO  [localhost-startStop-1][PluginPackageUtil:1016] Reading plugin package for notifications-portlet
04:19:10,757 INFO  [localhost-startStop-1][HookHotDeployListener:687] Registering hook for notifications-portlet
04:19:10,778 INFO  [localhost-startStop-1][HookHotDeployListener:814] Hook for notifications-portlet is available for use
04:19:10,780 INFO  [localhost-startStop-1][PortletHotDeployListener:343] Registering portlets for notifications-portlet
04:19:11,092 INFO  [localhost-startStop-1][PortletHotDeployListener:495] 2 portlets for notifications-portlet are available for use
04:19:14,073 INFO  [localhost-startStop-1][HotDeployEvent:130] Plugin opensocial-portlet requires marketplace-portlet
04:19:14,073 INFO  [localhost-startStop-1][HotDeployImpl:198] Deploying opensocial-portlet from queue
04:19:14,073 INFO  [localhost-startStop-1][PluginPackageUtil:1016] Reading plugin package for opensocial-portlet
04:19:15,558 INFO  [localhost-startStop-1][HookHotDeployListener:687] Registering hook for opensocial-portlet
04:19:15,564 INFO  [localhost-startStop-1][HookHotDeployListener:814] Hook for opensocial-portlet is available for use
04:19:15,571 INFO  [localhost-startStop-1][PortletHotDeployListener:343] Registering portlets for opensocial-portlet
04:19:16,236 INFO  [localhost-startStop-1][PortletHotDeployListener:495] 4 portlets for opensocial-portlet are available for use
04:19:19,568 INFO  [localhost-startStop-1][HotDeployEvent:130] Plugin resources-importer-web requires marketplace-portlet
04:19:19,569 INFO  [localhost-startStop-1][HotDeployImpl:198] Deploying resources-importer-web from queue
04:19:19,569 INFO  [localhost-startStop-1][PluginPackageUtil:1016] Reading plugin package for resources-importer-web
04:19:21,201 INFO  [localhost-startStop-1][HotDeployEvent:130] Plugin sync-web requires marketplace-portlet
04:19:21,202 INFO  [localhost-startStop-1][HotDeployImpl:198] Deploying sync-web from queue
04:19:21,202 INFO  [localhost-startStop-1][PluginPackageUtil:1016] Reading plugin package for sync-web
04:19:23,911 INFO  [localhost-startStop-1][HotDeployEvent:130] Plugin web-form-portlet requires marketplace-portlet
04:19:23,911 INFO  [localhost-startStop-1][HotDeployImpl:198] Deploying web-form-portlet from queue
04:19:23,911 INFO  [localhost-startStop-1][PluginPackageUtil:1016] Reading plugin package for web-form-portlet
04:19:24,191 INFO  [localhost-startStop-1][PortletHotDeployListener:343] Registering portlets for web-form-portlet
04:19:24,372 INFO  [localhost-startStop-1][PortletHotDeployListener:490] 1 portlet for web-form-portlet is available for use
04:19:25,254 INFO  [localhost-startStop-1][HotDeployEvent:130] Plugin welcome-theme requires marketplace-portlet, resources-importer-web
04:19:25,255 INFO  [localhost-startStop-1][HotDeployImpl:198] Deploying welcome-theme from queue
04:19:25,255 INFO  [localhost-startStop-1][PluginPackageUtil:1016] Reading plugin package for welcome-theme
04:19:25,468 INFO  [localhost-startStop-1][ThemeHotDeployListener:97] Registering themes for welcome-theme
04:19:26,163 INFO  [localhost-startStop-1][ThemeHotDeployListener:110] 1 theme for welcome-theme is available for use
04:19:40,376 INFO  [liferay/hot_deploy-1][ResourcesImporterHotDeployMessageListener:212] Group or layout set prototype already exists for company liferay.com
06:18:14,860 INFO  [localhost-startStop-1][DialectDetector:71] Determine dialect for PostgreSQL 9
06:18:14,945 INFO  [localhost-startStop-1][DialectDetector:136] Found dialect org.hibernate.dialect.PostgreSQLDialect
06:18:46,841 INFO  [localhost-startStop-1][BaseDB:481] Database supports case sensitive queries
06:18:48,324 INFO  [localhost-startStop-1][ServerDetector:166] Server supports hot deploy
06:18:48,334 INFO  [localhost-startStop-1][PluginPackageUtil:1013] Reading plugin package for the root context
06:20:03,781 INFO  [localhost-startStop-1][AutoDeployDir:139] Auto deploy scanner started for E:\ocmsLR\bundle\deploy
06:20:08,910 INFO  [localhost-startStop-1][HotDeployEvent:130] Plugin ocms-portlet requires marketplace-portlet
06:20:08,920 INFO  [localhost-startStop-1][HotDeployImpl:252] Queueing ocms-portlet for deploy because it is missing marketplace-portlet
06:20:17,108 INFO  [localhost-startStop-1][HotDeployEvent:130] Plugin calendar-portlet requires marketplace-portlet
06:20:17,108 INFO  [localhost-startStop-1][HotDeployImpl:252] Queueing calendar-portlet for deploy because it is missing marketplace-portlet
06:20:28,169 INFO  [localhost-startStop-1][HotDeployEvent:130] Plugin kaleo-web requires marketplace-portlet
06:20:28,169 INFO  [localhost-startStop-1][HotDeployImpl:252] Queueing kaleo-web for deploy because it is missing marketplace-portlet
06:20:31,307 INFO  [localhost-startStop-1][HotDeployImpl:198] Deploying marketplace-portlet from queue
06:20:31,307 INFO  [localhost-startStop-1][PluginPackageUtil:1016] Reading plugin package for marketplace-portlet
06:20:36,378 INFO  [localhost-startStop-1][HookHotDeployListener:687] Registering hook for marketplace-portlet
06:20:36,888 INFO  [localhost-startStop-1][HookHotDeployListener:814] Hook for marketplace-portlet is available for use
06:20:36,898 INFO  [localhost-startStop-1][PortletHotDeployListener:343] Registering portlets for marketplace-portlet
06:20:37,278 INFO  [localhost-startStop-1][PortletHotDeployListener:495] 3 portlets for marketplace-portlet are available for use
06:20:37,288 INFO  [localhost-startStop-1][HotDeployImpl:198] Deploying ocms-portlet from queue
06:20:37,288 INFO  [localhost-startStop-1][PluginPackageUtil:1016] Reading plugin package for ocms-portlet
06:20:37,960 INFO  [localhost-startStop-1][PortletHotDeployListener:343] Registering portlets for ocms-portlet
06:20:39,662 INFO  [localhost-startStop-1][PortletHotDeployListener:495] 4 portlets for ocms-portlet are available for use
06:20:39,662 INFO  [localhost-startStop-1][HotDeployImpl:198] Deploying calendar-portlet from queue
06:20:39,662 INFO  [localhost-startStop-1][PluginPackageUtil:1016] Reading plugin package for calendar-portlet
06:20:40,914 INFO  [localhost-startStop-1][HookHotDeployListener:687] Registering hook for calendar-portlet
06:20:42,369 INFO  [localhost-startStop-1][HookHotDeployListener:814] Hook for calendar-portlet is available for use
06:20:42,390 INFO  [localhost-startStop-1][PortletHotDeployListener:343] Registering portlets for calendar-portlet
06:20:42,880 INFO  [localhost-startStop-1][PortletHotDeployListener:490] 1 portlet for calendar-portlet is available for use
06:20:42,880 INFO  [localhost-startStop-1][SocialHotDeployListener:94] Registering social for calendar-portlet
06:20:42,890 INFO  [localhost-startStop-1][SocialHotDeployListener:103] Social for calendar-portlet is available for use
06:20:42,890 INFO  [localhost-startStop-1][HotDeployImpl:198] Deploying kaleo-web from queue
06:20:42,890 INFO  [localhost-startStop-1][PluginPackageUtil:1016] Reading plugin package for kaleo-web
06:20:46,282 INFO  [localhost-startStop-1][HookHotDeployListener:687] Registering hook for kaleo-web
06:20:46,313 INFO  [localhost-startStop-1][HookHotDeployListener:814] Hook for kaleo-web is available for use
06:20:50,405 INFO  [localhost-startStop-1][HotDeployEvent:130] Plugin notifications-portlet requires marketplace-portlet
06:20:50,405 INFO  [localhost-startStop-1][HotDeployImpl:198] Deploying notifications-portlet from queue
06:20:50,405 INFO  [localhost-startStop-1][PluginPackageUtil:1016] Reading plugin package for notifications-portlet
06:20:50,636 INFO  [localhost-startStop-1][HookHotDeployListener:687] Registering hook for notifications-portlet
06:20:50,657 INFO  [localhost-startStop-1][HookHotDeployListener:814] Hook for notifications-portlet is available for use
06:20:50,667 INFO  [localhost-startStop-1][PortletHotDeployListener:343] Registering portlets for notifications-portlet
06:20:50,927 INFO  [localhost-startStop-1][PortletHotDeployListener:495] 2 portlets for notifications-portlet are available for use
06:20:59,491 INFO  [localhost-startStop-1][HotDeployEvent:130] Plugin opensocial-portlet requires marketplace-portlet
06:20:59,491 INFO  [localhost-startStop-1][HotDeployImpl:198] Deploying opensocial-portlet from queue
06:20:59,491 INFO  [localhost-startStop-1][PluginPackageUtil:1016] Reading plugin package for opensocial-portlet
06:21:00,963 INFO  [localhost-startStop-1][HookHotDeployListener:687] Registering hook for opensocial-portlet
06:21:00,963 INFO  [localhost-startStop-1][HookHotDeployListener:814] Hook for opensocial-portlet is available for use
06:21:00,983 INFO  [localhost-startStop-1][PortletHotDeployListener:343] Registering portlets for opensocial-portlet
06:21:01,597 INFO  [localhost-startStop-1][PortletHotDeployListener:495] 4 portlets for opensocial-portlet are available for use
06:21:03,341 INFO  [localhost-startStop-1][HotDeployEvent:130] Plugin resources-importer-web requires marketplace-portlet
06:21:03,342 INFO  [localhost-startStop-1][HotDeployImpl:198] Deploying resources-importer-web from queue
06:21:03,343 INFO  [localhost-startStop-1][PluginPackageUtil:1016] Reading plugin package for resources-importer-web
06:21:05,273 INFO  [localhost-startStop-1][HotDeployEvent:130] Plugin sync-web requires marketplace-portlet
06:21:05,273 INFO  [localhost-startStop-1][HotDeployImpl:198] Deploying sync-web from queue
06:21:05,273 INFO  [localhost-startStop-1][PluginPackageUtil:1016] Reading plugin package for sync-web
06:21:08,816 INFO  [localhost-startStop-1][HotDeployEvent:130] Plugin web-form-portlet requires marketplace-portlet
06:21:08,816 INFO  [localhost-startStop-1][HotDeployImpl:198] Deploying web-form-portlet from queue
06:21:08,816 INFO  [localhost-startStop-1][PluginPackageUtil:1016] Reading plugin package for web-form-portlet
06:21:09,027 INFO  [localhost-startStop-1][PortletHotDeployListener:343] Registering portlets for web-form-portlet
06:21:09,218 INFO  [localhost-startStop-1][PortletHotDeployListener:490] 1 portlet for web-form-portlet is available for use
06:21:10,348 INFO  [localhost-startStop-1][HotDeployEvent:130] Plugin welcome-theme requires marketplace-portlet, resources-importer-web
06:21:10,358 INFO  [localhost-startStop-1][HotDeployImpl:198] Deploying welcome-theme from queue
06:21:10,359 INFO  [localhost-startStop-1][PluginPackageUtil:1016] Reading plugin package for welcome-theme
06:21:10,612 INFO  [localhost-startStop-1][ThemeHotDeployListener:97] Registering themes for welcome-theme
06:21:13,951 INFO  [localhost-startStop-1][ThemeHotDeployListener:110] 1 theme for welcome-theme is available for use
06:21:15,296 INFO  [liferay/hot_deploy-1][ResourcesImporterHotDeployMessageListener:212] Group or layout set prototype already exists for company liferay.com
06:57:18,868 INFO  [localhost-startStop-2][HotDeployEvent:130] Plugin welcome-theme requires marketplace-portlet, resources-importer-web
06:57:18,870 INFO  [localhost-startStop-2][ThemeHotDeployListener:137] Unregistering themes for welcome-theme
06:57:18,872 INFO  [localhost-startStop-2][ThemeHotDeployListener:169] 1 theme for welcome-theme was unregistered
06:57:18,877 INFO  [localhost-startStop-2][PluginPackageUtil:1016] Reading plugin package for welcome-theme
06:57:18,882 INFO  [localhost-startStop-2][HotDeployEvent:130] Plugin web-form-portlet requires marketplace-portlet
06:57:18,882 INFO  [localhost-startStop-2][PortletHotDeployListener:523] Unregistering portlets for web-form-portlet
06:57:18,888 INFO  [localhost-startStop-2][PortletHotDeployListener:558] 1 portlet for web-form-portlet was unregistered
06:57:18,891 INFO  [localhost-startStop-2][PluginPackageUtil:1016] Reading plugin package for web-form-portlet
06:57:18,899 INFO  [localhost-startStop-2][HotDeployEvent:130] Plugin sync-web requires marketplace-portlet
06:57:18,911 INFO  [localhost-startStop-2][PluginPackageUtil:1016] Reading plugin package for sync-web
06:57:18,926 INFO  [localhost-startStop-2][HotDeployEvent:130] Plugin resources-importer-web requires marketplace-portlet
06:57:18,929 INFO  [localhost-startStop-2][PluginPackageUtil:1016] Reading plugin package for resources-importer-web
06:57:18,935 INFO  [localhost-startStop-2][HotDeployEvent:130] Plugin opensocial-portlet requires marketplace-portlet
06:57:18,935 INFO  [localhost-startStop-2][PortletHotDeployListener:523] Unregistering portlets for opensocial-portlet
06:57:18,941 INFO  [localhost-startStop-2][PortletHotDeployListener:563] 4 portlets for opensocial-portlet were unregistered
06:57:18,944 INFO  [localhost-startStop-2][HookHotDeployListener:944] Hook for opensocial-portlet was unregistered
06:57:18,971 INFO  [localhost-startStop-2][PluginPackageUtil:1016] Reading plugin package for opensocial-portlet
06:57:18,982 INFO  [localhost-startStop-2][HotDeployEvent:130] Plugin notifications-portlet requires marketplace-portlet
06:57:18,982 INFO  [localhost-startStop-2][PortletHotDeployListener:523] Unregistering portlets for notifications-portlet
06:57:18,986 INFO  [localhost-startStop-2][PortletHotDeployListener:563] 2 portlets for notifications-portlet were unregistered
06:57:18,991 INFO  [localhost-startStop-2][HookHotDeployListener:944] Hook for notifications-portlet was unregistered
06:57:18,993 INFO  [localhost-startStop-2][PluginPackageUtil:1016] Reading plugin package for notifications-portlet
06:57:18,997 INFO  [localhost-startStop-2][PortletHotDeployListener:523] Unregistering portlets for marketplace-portlet
06:57:19,000 INFO  [localhost-startStop-2][PortletHotDeployListener:563] 3 portlets for marketplace-portlet were unregistered
06:57:19,000 INFO  [localhost-startStop-2][HookHotDeployListener:944] Hook for marketplace-portlet was unregistered
06:57:19,008 INFO  [localhost-startStop-2][PluginPackageUtil:1016] Reading plugin package for marketplace-portlet
06:57:19,017 INFO  [localhost-startStop-2][HotDeployEvent:130] Plugin kaleo-web requires marketplace-portlet
06:57:19,019 INFO  [localhost-startStop-2][HookHotDeployListener:944] Hook for kaleo-web was unregistered
06:57:19,053 INFO  [localhost-startStop-2][PluginPackageUtil:1016] Reading plugin package for kaleo-web
06:57:19,075 INFO  [localhost-startStop-2][HotDeployEvent:130] Plugin calendar-portlet requires marketplace-portlet
06:57:19,077 INFO  [localhost-startStop-2][SocialHotDeployListener:159] Social for calendar-portlet was unregistered
06:57:19,077 INFO  [localhost-startStop-2][PortletHotDeployListener:523] Unregistering portlets for calendar-portlet
06:57:19,083 INFO  [localhost-startStop-2][PortletHotDeployListener:558] 1 portlet for calendar-portlet was unregistered
06:57:19,164 INFO  [localhost-startStop-2][HookHotDeployListener:944] Hook for calendar-portlet was unregistered
06:57:19,170 INFO  [localhost-startStop-2][PluginPackageUtil:1016] Reading plugin package for calendar-portlet
06:57:19,180 INFO  [localhost-startStop-2][HotDeployEvent:130] Plugin ocms-portlet requires marketplace-portlet
06:57:19,181 INFO  [localhost-startStop-2][PortletHotDeployListener:523] Unregistering portlets for ocms-portlet
06:57:19,183 INFO  [localhost-startStop-2][PortletHotDeployListener:563] 4 portlets for ocms-portlet were unregistered
06:57:19,188 INFO  [localhost-startStop-2][PluginPackageUtil:1016] Reading plugin package for ocms-portlet
