16:26:05,457 INFO  [localhost-startStop-1][DialectDetector:71] Determine dialect for HSQL Database Engine 2
16:26:05,465 WARN  [localhost-startStop-1][DialectDetector:86] Liferay is configured to use Hypersonic as its database. Do NOT use Hypersonic in production. Hypersonic is an embedded database useful for development and demo'ing purposes. The database settings can be changed in portal-ext.properties.
16:26:05,561 INFO  [localhost-startStop-1][DialectDetector:136] Found dialect org.hibernate.dialect.HSQLDialect
16:26:50,555 INFO  [localhost-startStop-1][BaseDB:481] Database supports case sensitive queries
16:26:51,362 INFO  [localhost-startStop-1][VerifyProcess:55] Verifying com.liferay.portal.verify.VerifyProcessSuite
16:26:51,362 INFO  [localhost-startStop-1][VerifyProcess:55] Verifying com.liferay.portal.verify.VerifyProperties
16:26:51,378 INFO  [localhost-startStop-1][VerifyProcess:55] Verifying com.liferay.portal.verify.VerifyDB2
16:26:51,378 INFO  [localhost-startStop-1][VerifyProcess:55] Verifying com.liferay.portal.verify.VerifyMySQL
16:26:51,380 INFO  [localhost-startStop-1][VerifyProcess:55] Verifying com.liferay.portal.verify.VerifyOracle
16:26:51,380 INFO  [localhost-startStop-1][VerifyProcess:55] Verifying com.liferay.portal.verify.VerifySQLServer
16:26:51,381 INFO  [localhost-startStop-1][VerifyProcess:55] Verifying com.liferay.portal.verify.VerifyUUID
16:26:51,397 INFO  [localhost-startStop-1][VerifyProcess:55] Verifying com.liferay.portal.verify.VerifyPermission
16:26:52,213 INFO  [localhost-startStop-1][VerifyProcess:55] Verifying com.liferay.portal.verify.VerifyGroup
16:26:52,283 INFO  [localhost-startStop-1][VerifyProcess:55] Verifying com.liferay.portal.verify.VerifyRole
16:26:52,284 INFO  [localhost-startStop-1][VerifyProcess:55] Verifying com.liferay.portal.verify.VerifyAsset
16:26:52,289 INFO  [localhost-startStop-1][UpgradeProcess:175] Upgrading com.liferay.portal.upgrade.util.UpgradeAssetPublisherManualEntries
16:26:52,292 INFO  [localhost-startStop-1][VerifyProcess:55] Verifying com.liferay.portal.verify.VerifyAuditedModel
16:26:52,301 INFO  [localhost-startStop-1][VerifyProcess:55] Verifying com.liferay.portal.verify.VerifyBlogs
16:26:52,307 INFO  [localhost-startStop-1][VerifyProcess:55] Verifying com.liferay.portal.verify.VerifyBookmarks
16:26:52,319 INFO  [localhost-startStop-1][VerifyProcess:55] Verifying com.liferay.portal.verify.VerifyCalendar
16:26:52,331 INFO  [localhost-startStop-1][VerifyProcess:55] Verifying com.liferay.portal.verify.VerifyDocumentLibrary
16:26:52,558 INFO  [localhost-startStop-1][VerifyProcess:55] Verifying com.liferay.portal.verify.VerifyDynamicDataMapping
16:26:52,566 INFO  [localhost-startStop-1][VerifyProcess:55] Verifying com.liferay.portal.verify.VerifyGroupId
16:26:52,571 INFO  [localhost-startStop-1][VerifyProcess:55] Verifying com.liferay.portal.verify.VerifyJournal
16:26:52,594 INFO  [localhost-startStop-1][VerifyProcess:55] Verifying com.liferay.portal.verify.VerifyLayout
16:26:52,624 INFO  [localhost-startStop-1][VerifyProcess:55] Verifying com.liferay.portal.verify.VerifyMessageBoards
16:26:52,648 INFO  [localhost-startStop-1][VerifyProcess:55] Verifying com.liferay.portal.verify.VerifyOrganization
16:26:52,662 INFO  [localhost-startStop-1][VerifyProcess:55] Verifying com.liferay.portal.verify.VerifyResourcePermissions
16:26:52,663 INFO  [localhost-startStop-1][VerifyProcess:55] Verifying com.liferay.portal.verify.VerifyUser
16:26:52,677 INFO  [localhost-startStop-1][VerifyProcess:55] Verifying com.liferay.portal.verify.VerifyWiki
16:26:52,684 INFO  [localhost-startStop-1][VerifyProcess:55] Verifying com.liferay.portal.verify.VerifyWorkflow
16:26:52,769 INFO  [localhost-startStop-1][ServerDetector:119] Server supports hot deploy
16:26:52,778 INFO  [localhost-startStop-1][PluginPackageUtil:1013] Reading plugin package for the root context
16:27:34,249 INFO  [localhost-startStop-1][AutoDeployDir:139] Auto deploy scanner started for E:\ocmsLR\bundle\deploy
16:27:45,251 INFO  [com.liferay.portal.kernel.deploy.auto.AutoDeployScanner][AutoDeployDir:204] Processing ocms-portlet-6.2.0.1.war
16:27:45,257 INFO  [com.liferay.portal.kernel.deploy.auto.AutoDeployScanner][PortletAutoDeployListener:79] Copying portlets for E:\ocmsLR\bundle\deploy\ocms-portlet-6.2.0.1.war
16:27:45,295 INFO  [com.liferay.portal.kernel.deploy.auto.AutoDeployScanner][BaseDeployer:859] Deploying ocms-portlet-6.2.0.1.war
16:27:45,329 INFO  [com.liferay.portal.kernel.deploy.auto.AutoDeployScanner][BaseDeployer:962] Updating Ocms from version 6.2.1 to version 6.2.0.1
16:27:45,329 INFO  [com.liferay.portal.kernel.deploy.auto.AutoDeployScanner][BaseDeployer:971] Not updating Ocms because version 6.2.1 is newer than version 6.2.0.1
16:27:45,332 INFO  [com.liferay.portal.kernel.deploy.auto.AutoDeployScanner][AutoDeployDir:204] Processing ocms-portlet.xml
16:27:45,345 INFO  [com.liferay.portal.kernel.deploy.auto.AutoDeployScanner][PortletExplodedTomcatListener:61] Modifying portlets for E:\ocmsLR\bundle\deploy\ocms-portlet.xml
16:27:47,697 INFO  [com.liferay.portal.kernel.deploy.auto.AutoDeployScanner][BaseDeployer:2383] Modifying Servlet 2.5 E:\ocmsLR\bundle\tomcat-7.0.42\webapps\ocms-portlet\WEB-INF\web.xml
16:27:47,698 INFO  [com.liferay.portal.kernel.deploy.auto.AutoDeployScanner][PortletExplodedTomcatListener:67] Portlets for E:\ocmsLR\bundle\deploy\ocms-portlet.xml modified successfully
16:27:47,698 INFO  [com.liferay.portal.kernel.deploy.auto.AutoDeployScanner][BaseExplodedTomcatListener:49] Copying file E:\ocmsLR\bundle\deploy\ocms-portlet.xml to E:\ocmsLR\bundle\tomcat-7.0.42\conf\Catalina\localhost
16:29:40,139 WARN  [C3P0PooledConnectionPoolManager[identityToken->cuglQPpN]-HelperThread-#4][BasicResourcePool:1851] com.mchange.v2.resourcepool.BasicResourcePool$ScatteredAcquireTask@659c4381 -- Acquisition Attempt Failed!!! Clearing pending acquires. While trying to acquire a needed new resource, we failed to succeed more than the maximum number of allowed acquisition attempts (3). Last acquisition attempt exception: 
org.postgresql.util.PSQLException: FATAL: database "ocms_portal" does not exist
	at org.postgresql.core.v3.ConnectionFactoryImpl.readStartupMessages(ConnectionFactoryImpl.java:471)
	at org.postgresql.core.v3.ConnectionFactoryImpl.openConnectionImpl(ConnectionFactoryImpl.java:112)
	at org.postgresql.core.ConnectionFactory.openConnection(ConnectionFactory.java:66)
	at org.postgresql.jdbc2.AbstractJdbc2Connection.<init>(AbstractJdbc2Connection.java:125)
	at org.postgresql.jdbc3.AbstractJdbc3Connection.<init>(AbstractJdbc3Connection.java:30)
	at org.postgresql.jdbc3.Jdbc3Connection.<init>(Jdbc3Connection.java:24)
	at org.postgresql.Driver.makeConnection(Driver.java:393)
	at org.postgresql.Driver.connect(Driver.java:267)
	at com.mchange.v2.c3p0.DriverManagerDataSource.getConnection(DriverManagerDataSource.java:146)
	at com.mchange.v2.c3p0.WrapperConnectionPoolDataSource.getPooledConnection(WrapperConnectionPoolDataSource.java:195)
	at com.mchange.v2.c3p0.impl.C3P0PooledConnectionPool$1PooledConnectionResourcePoolManager.acquireResource(C3P0PooledConnectionPool.java:211)
	at com.mchange.v2.resourcepool.BasicResourcePool.doAcquire(BasicResourcePool.java:1086)
	at com.mchange.v2.resourcepool.BasicResourcePool.doAcquireAndDecrementPendingAcquiresWithinLockOnSuccess(BasicResourcePool.java:1073)
	at com.mchange.v2.resourcepool.BasicResourcePool.access$800(BasicResourcePool.java:44)
	at com.mchange.v2.resourcepool.BasicResourcePool$ScatteredAcquireTask.run(BasicResourcePool.java:1810)
	at com.mchange.v2.async.ThreadPoolAsynchronousRunner$PoolThread.run(ThreadPoolAsynchronousRunner.java:648)
16:29:40,146 WARN  [C3P0PooledConnectionPoolManager[identityToken->cuglQPpN]-HelperThread-#4][BasicResourcePool:894] Having failed to acquire a resource, com.mchange.v2.resourcepool.BasicResourcePool@68a349cf is interrupting all Threads waiting on a resource to check out. Will try again in response to new client requests.
16:29:40,211 WARN  [C3P0PooledConnectionPoolManager[identityToken->cuglQPpN]-HelperThread-#6][BasicResourcePool:1851] com.mchange.v2.resourcepool.BasicResourcePool$ScatteredAcquireTask@48989709 -- Acquisition Attempt Failed!!! Clearing pending acquires. While trying to acquire a needed new resource, we failed to succeed more than the maximum number of allowed acquisition attempts (3). Last acquisition attempt exception: 
org.postgresql.util.PSQLException: FATAL: database "ocms_portal" does not exist
	at org.postgresql.core.v3.ConnectionFactoryImpl.readStartupMessages(ConnectionFactoryImpl.java:471)
	at org.postgresql.core.v3.ConnectionFactoryImpl.openConnectionImpl(ConnectionFactoryImpl.java:112)
	at org.postgresql.core.ConnectionFactory.openConnection(ConnectionFactory.java:66)
	at org.postgresql.jdbc2.AbstractJdbc2Connection.<init>(AbstractJdbc2Connection.java:125)
	at org.postgresql.jdbc3.AbstractJdbc3Connection.<init>(AbstractJdbc3Connection.java:30)
	at org.postgresql.jdbc3.Jdbc3Connection.<init>(Jdbc3Connection.java:24)
	at org.postgresql.Driver.makeConnection(Driver.java:393)
	at org.postgresql.Driver.connect(Driver.java:267)
	at com.mchange.v2.c3p0.DriverManagerDataSource.getConnection(DriverManagerDataSource.java:146)
	at com.mchange.v2.c3p0.WrapperConnectionPoolDataSource.getPooledConnection(WrapperConnectionPoolDataSource.java:195)
	at com.mchange.v2.c3p0.impl.C3P0PooledConnectionPool$1PooledConnectionResourcePoolManager.acquireResource(C3P0PooledConnectionPool.java:211)
	at com.mchange.v2.resourcepool.BasicResourcePool.doAcquire(BasicResourcePool.java:1086)
	at com.mchange.v2.resourcepool.BasicResourcePool.doAcquireAndDecrementPendingAcquiresWithinLockOnSuccess(BasicResourcePool.java:1073)
	at com.mchange.v2.resourcepool.BasicResourcePool.access$800(BasicResourcePool.java:44)
	at com.mchange.v2.resourcepool.BasicResourcePool$ScatteredAcquireTask.run(BasicResourcePool.java:1810)
	at com.mchange.v2.async.ThreadPoolAsynchronousRunner$PoolThread.run(ThreadPoolAsynchronousRunner.java:648)
16:29:40,212 WARN  [C3P0PooledConnectionPoolManager[identityToken->cuglQPpN]-HelperThread-#6][BasicResourcePool:894] Having failed to acquire a resource, com.mchange.v2.resourcepool.BasicResourcePool@68a349cf is interrupting all Threads waiting on a resource to check out. Will try again in response to new client requests.
16:30:28,165 INFO  [http-bio-8080-exec-3][DialectDetector:71] Determine dialect for PostgreSQL 9
16:30:28,177 INFO  [http-bio-8080-exec-3][DialectDetector:136] Found dialect org.hibernate.dialect.PostgreSQLDialect
16:30:30,984 ERROR [http-bio-8080-exec-3][JDBCExceptionReporter:82] ERROR: relation "lock_" does not exist_  Position: 414 [Sanitized]
16:30:31,017 WARN  [http-bio-8080-exec-3][ReleaseLocalServiceImpl:171] ERROR: relation "release_" does not exist_  Position: 25 [Sanitized]
16:30:31,023 INFO  [http-bio-8080-exec-3][ReleaseLocalServiceImpl:84] Create tables and populate with default data
16:30:45,034 INFO  [http-bio-8080-exec-3][BaseDB:481] Database supports case sensitive queries
16:30:45,515 INFO  [http-bio-8080-exec-3][VerifyProcess:55] Verifying com.liferay.portal.verify.VerifyProcessSuite
16:30:45,515 INFO  [http-bio-8080-exec-3][VerifyProcess:55] Verifying com.liferay.portal.verify.VerifyProperties
16:30:45,520 INFO  [http-bio-8080-exec-3][VerifyProcess:55] Verifying com.liferay.portal.verify.VerifyDB2
16:30:45,521 INFO  [http-bio-8080-exec-3][VerifyProcess:55] Verifying com.liferay.portal.verify.VerifyMySQL
16:30:45,521 INFO  [http-bio-8080-exec-3][VerifyProcess:55] Verifying com.liferay.portal.verify.VerifyOracle
16:30:45,522 INFO  [http-bio-8080-exec-3][VerifyProcess:55] Verifying com.liferay.portal.verify.VerifySQLServer
16:30:45,522 INFO  [http-bio-8080-exec-3][VerifyProcess:55] Verifying com.liferay.portal.verify.VerifyUUID
16:30:45,591 INFO  [http-bio-8080-exec-3][VerifyProcess:55] Verifying com.liferay.portal.verify.VerifyPermission
16:30:45,599 INFO  [http-bio-8080-exec-3][VerifyProcess:55] Verifying com.liferay.portal.verify.VerifyGroup
16:30:45,612 INFO  [http-bio-8080-exec-3][VerifyProcess:55] Verifying com.liferay.portal.verify.VerifyRole
16:30:45,614 INFO  [http-bio-8080-exec-3][VerifyProcess:55] Verifying com.liferay.portal.verify.VerifyAsset
16:30:45,621 INFO  [http-bio-8080-exec-3][UpgradeProcess:175] Upgrading com.liferay.portal.upgrade.util.UpgradeAssetPublisherManualEntries
16:30:45,626 INFO  [http-bio-8080-exec-3][VerifyProcess:55] Verifying com.liferay.portal.verify.VerifyAuditedModel
16:30:45,668 INFO  [http-bio-8080-exec-3][VerifyProcess:55] Verifying com.liferay.portal.verify.VerifyBlogs
16:30:45,679 INFO  [http-bio-8080-exec-3][VerifyProcess:55] Verifying com.liferay.portal.verify.VerifyBookmarks
16:30:45,694 INFO  [http-bio-8080-exec-3][VerifyProcess:55] Verifying com.liferay.portal.verify.VerifyCalendar
16:30:45,702 INFO  [http-bio-8080-exec-3][VerifyProcess:55] Verifying com.liferay.portal.verify.VerifyDocumentLibrary
16:30:45,747 INFO  [http-bio-8080-exec-3][VerifyProcess:55] Verifying com.liferay.portal.verify.VerifyDynamicDataMapping
16:30:45,753 INFO  [http-bio-8080-exec-3][VerifyProcess:55] Verifying com.liferay.portal.verify.VerifyGroupId
16:30:45,758 INFO  [http-bio-8080-exec-3][VerifyProcess:55] Verifying com.liferay.portal.verify.VerifyJournal
16:30:45,779 INFO  [http-bio-8080-exec-3][VerifyProcess:55] Verifying com.liferay.portal.verify.VerifyLayout
16:30:45,790 INFO  [http-bio-8080-exec-3][VerifyProcess:55] Verifying com.liferay.portal.verify.VerifyMessageBoards
16:30:45,808 INFO  [http-bio-8080-exec-3][VerifyProcess:55] Verifying com.liferay.portal.verify.VerifyOrganization
16:30:45,814 INFO  [http-bio-8080-exec-3][VerifyProcess:55] Verifying com.liferay.portal.verify.VerifyResourcePermissions
16:30:45,816 INFO  [http-bio-8080-exec-3][VerifyProcess:55] Verifying com.liferay.portal.verify.VerifyUser
16:30:45,828 INFO  [http-bio-8080-exec-3][VerifyProcess:55] Verifying com.liferay.portal.verify.VerifyWiki
16:30:45,840 INFO  [http-bio-8080-exec-3][VerifyProcess:55] Verifying com.liferay.portal.verify.VerifyWorkflow
16:30:56,675 INFO  [http-bio-8080-exec-3][HotDeployEvent:130] Plugin calendar-portlet requires marketplace-portlet
16:30:56,677 INFO  [http-bio-8080-exec-3][HotDeployImpl:252] Queueing calendar-portlet for deploy because it is missing marketplace-portlet
16:30:57,202 INFO  [http-bio-8080-exec-3][HotDeployEvent:130] Plugin kaleo-web requires marketplace-portlet
16:30:57,203 INFO  [http-bio-8080-exec-3][HotDeployImpl:252] Queueing kaleo-web for deploy because it is missing marketplace-portlet
16:30:57,379 INFO  [http-bio-8080-exec-3][HotDeployEvent:130] Plugin notifications-portlet requires marketplace-portlet
16:30:57,380 INFO  [http-bio-8080-exec-3][HotDeployImpl:252] Queueing notifications-portlet for deploy because it is missing marketplace-portlet
16:30:57,476 INFO  [http-bio-8080-exec-3][HotDeployEvent:130] Plugin ocms-portlet requires marketplace-portlet
16:30:57,477 INFO  [http-bio-8080-exec-3][HotDeployImpl:252] Queueing ocms-portlet for deploy because it is missing marketplace-portlet
16:30:57,571 INFO  [http-bio-8080-exec-3][HotDeployEvent:130] Plugin opensocial-portlet requires marketplace-portlet
16:30:57,572 INFO  [http-bio-8080-exec-3][HotDeployImpl:252] Queueing opensocial-portlet for deploy because it is missing marketplace-portlet
16:30:58,242 INFO  [http-bio-8080-exec-3][HotDeployEvent:130] Plugin resources-importer-web requires marketplace-portlet
16:30:58,243 INFO  [http-bio-8080-exec-3][HotDeployImpl:252] Queueing resources-importer-web for deploy because it is missing marketplace-portlet
16:30:58,281 INFO  [http-bio-8080-exec-3][HotDeployEvent:130] Plugin sync-web requires marketplace-portlet
16:30:58,282 INFO  [http-bio-8080-exec-3][HotDeployImpl:252] Queueing sync-web for deploy because it is missing marketplace-portlet
16:30:58,491 INFO  [http-bio-8080-exec-3][HotDeployEvent:130] Plugin web-form-portlet requires marketplace-portlet
16:30:58,491 INFO  [http-bio-8080-exec-3][HotDeployImpl:252] Queueing web-form-portlet for deploy because it is missing marketplace-portlet
16:30:58,544 INFO  [http-bio-8080-exec-3][HotDeployEvent:130] Plugin welcome-theme requires marketplace-portlet, resources-importer-web
16:30:58,545 INFO  [http-bio-8080-exec-3][HotDeployImpl:252] Queueing welcome-theme for deploy because it is missing marketplace-portlet, resources-importer-web
16:32:36,765 INFO  [com.liferay.portal.kernel.deploy.auto.AutoDeployScanner][AutoDeployDir:204] Processing marketplace-portlet-6.2.0.1.war
16:32:36,767 INFO  [com.liferay.portal.kernel.deploy.auto.AutoDeployScanner][PortletAutoDeployListener:79] Copying portlets for E:\ocmsLR\bundle\deploy\marketplace-portlet-6.2.0.1.war
16:32:36,785 INFO  [com.liferay.portal.kernel.deploy.auto.AutoDeployScanner][BaseDeployer:859] Deploying marketplace-portlet-6.2.0.1.war
16:32:37,497 INFO  [com.liferay.portal.kernel.deploy.auto.AutoDeployScanner][BaseDeployer:2383] Modifying Servlet 2.4 E:\ocmsLR\bundle\tomcat-7.0.42\temp\20150108163236787\WEB-INF\web.xml
16:32:38,538 INFO  [com.liferay.portal.kernel.deploy.auto.AutoDeployScanner][PortletAutoDeployListener:91] Portlets for E:\ocmsLR\bundle\deploy\marketplace-portlet-6.2.0.1.war copied successfully. Deployment will start in a few seconds.
16:32:48,410 INFO  [localhost-startStop-2][HotDeployImpl:198] Deploying marketplace-portlet from queue
16:32:48,414 INFO  [localhost-startStop-2][PluginPackageUtil:1016] Reading plugin package for marketplace-portlet
16:32:48,846 INFO  [localhost-startStop-2][ServiceComponentLocalServiceImpl:313] Running Marketplace SQL scripts
16:32:49,893 INFO  [localhost-startStop-2][HookHotDeployListener:687] Registering hook for marketplace-portlet
16:32:49,965 INFO  [localhost-startStop-2][UpgradeProcess:175] Upgrading com.liferay.marketplace.hook.upgrade.UpgradeProcess_1_0_0
16:32:49,969 INFO  [localhost-startStop-2][UpgradeProcess:175] Upgrading com.liferay.marketplace.hook.upgrade.v1_0_0.UpgradeExpando
16:32:50,103 INFO  [localhost-startStop-2][HookHotDeployListener:814] Hook for marketplace-portlet is available for use
16:32:50,110 INFO  [localhost-startStop-2][PortletHotDeployListener:343] Registering portlets for marketplace-portlet
16:32:50,562 INFO  [localhost-startStop-2][PortletHotDeployListener:495] 3 portlets for marketplace-portlet are available for use
16:32:50,564 INFO  [localhost-startStop-2][HotDeployImpl:198] Deploying calendar-portlet from queue
16:32:50,565 INFO  [localhost-startStop-2][PluginPackageUtil:1016] Reading plugin package for calendar-portlet
16:32:50,768 INFO  [localhost-startStop-2][ServiceComponentLocalServiceImpl:313] Running Calendar SQL scripts
16:32:53,529 INFO  [localhost-startStop-2][HookHotDeployListener:687] Registering hook for calendar-portlet
16:32:54,647 INFO  [localhost-startStop-2][HookHotDeployListener:814] Hook for calendar-portlet is available for use
16:32:54,669 INFO  [localhost-startStop-2][PortletHotDeployListener:343] Registering portlets for calendar-portlet
16:32:55,340 INFO  [localhost-startStop-2][PortletHotDeployListener:490] 1 portlet for calendar-portlet is available for use
16:32:55,341 INFO  [localhost-startStop-2][SocialHotDeployListener:94] Registering social for calendar-portlet
16:32:55,343 INFO  [localhost-startStop-2][SocialHotDeployListener:103] Social for calendar-portlet is available for use
16:32:55,344 INFO  [localhost-startStop-2][HotDeployImpl:198] Deploying kaleo-web from queue
16:32:55,344 INFO  [localhost-startStop-2][PluginPackageUtil:1016] Reading plugin package for kaleo-web
16:32:55,531 INFO  [localhost-startStop-2][ServiceComponentLocalServiceImpl:313] Running Kaleo SQL scripts
16:33:02,089 INFO  [localhost-startStop-2][HookHotDeployListener:687] Registering hook for kaleo-web
16:33:02,109 INFO  [localhost-startStop-2][UpgradeProcess:175] Upgrading com.liferay.portal.workflow.kaleo.hook.upgrade.UpgradeProcess_1_0_0
16:33:02,112 INFO  [localhost-startStop-2][UpgradeProcess:175] Upgrading com.liferay.portal.workflow.kaleo.hook.upgrade.v1_0_0.UpgradeKaleoTaskInstanceToken
16:33:02,125 INFO  [localhost-startStop-2][UpgradeProcess:175] Upgrading com.liferay.portal.workflow.kaleo.hook.upgrade.UpgradeProcess_1_1_0
16:33:02,129 INFO  [localhost-startStop-2][UpgradeProcess:175] Upgrading com.liferay.portal.workflow.kaleo.hook.upgrade.v1_1_0.UpgradeWorkflowContext
16:33:02,192 INFO  [localhost-startStop-2][UpgradeProcess:175] Upgrading com.liferay.portal.workflow.kaleo.hook.upgrade.UpgradeProcess_1_2_0
16:33:02,196 INFO  [localhost-startStop-2][UpgradeProcess:175] Upgrading com.liferay.portal.workflow.kaleo.hook.upgrade.v1_2_0.UpgradeKaleoLog
16:33:02,212 INFO  [localhost-startStop-2][Table:155] Starting backup of KaleoLog to E:\ocmsLR\bundle\tomcat-7.0.42/temp/temp-db-KaleoLog-1420734782212
16:33:02,216 INFO  [localhost-startStop-2][Table:189] Finished backup of KaleoLog to E:\ocmsLR\bundle\tomcat-7.0.42/temp/temp-db-KaleoLog-1420734782212 in 4 ms
16:33:02,340 INFO  [localhost-startStop-2][UpgradeProcess:175] Upgrading com.liferay.portal.workflow.kaleo.hook.upgrade.v1_2_0.UpgradeKaleoNotificationRecipient
16:33:02,497 INFO  [localhost-startStop-2][HookHotDeployListener:814] Hook for kaleo-web is available for use
16:33:02,507 INFO  [localhost-startStop-2][HotDeployImpl:198] Deploying notifications-portlet from queue
16:33:02,507 INFO  [localhost-startStop-2][PluginPackageUtil:1016] Reading plugin package for notifications-portlet
16:33:02,934 INFO  [localhost-startStop-2][HookHotDeployListener:687] Registering hook for notifications-portlet
16:33:02,998 INFO  [localhost-startStop-2][UpgradeProcess:175] Upgrading com.liferay.notifications.hook.upgrade.UpgradeProcess_1_0_0
16:33:03,002 INFO  [localhost-startStop-2][UpgradeProcess:175] Upgrading com.liferay.notifications.hook.upgrade.v1_0_0.UpgradeUserNotificationEvent
16:33:03,075 INFO  [localhost-startStop-2][HookHotDeployListener:814] Hook for notifications-portlet is available for use
16:33:03,079 INFO  [localhost-startStop-2][PortletHotDeployListener:343] Registering portlets for notifications-portlet
16:33:04,949 INFO  [localhost-startStop-2][PortletHotDeployListener:495] 2 portlets for notifications-portlet are available for use
16:33:04,951 INFO  [localhost-startStop-2][HotDeployImpl:198] Deploying ocms-portlet from queue
16:33:04,951 INFO  [localhost-startStop-2][PluginPackageUtil:1016] Reading plugin package for ocms-portlet
16:33:05,307 INFO  [localhost-startStop-2][PortletHotDeployListener:343] Registering portlets for ocms-portlet
16:33:05,490 INFO  [localhost-startStop-2][PortletHotDeployListener:495] 2 portlets for ocms-portlet are available for use
16:33:05,491 INFO  [localhost-startStop-2][HotDeployImpl:198] Deploying opensocial-portlet from queue
16:33:05,492 INFO  [localhost-startStop-2][PluginPackageUtil:1016] Reading plugin package for opensocial-portlet
16:33:05,830 INFO  [localhost-startStop-2][ServiceComponentLocalServiceImpl:313] Running OpenSocial SQL scripts
16:33:08,296 INFO  [localhost-startStop-2][HookHotDeployListener:687] Registering hook for opensocial-portlet
16:33:08,302 INFO  [localhost-startStop-2][HookHotDeployListener:814] Hook for opensocial-portlet is available for use
16:33:08,315 INFO  [localhost-startStop-2][PortletHotDeployListener:343] Registering portlets for opensocial-portlet
16:33:09,500 INFO  [localhost-startStop-2][PortletHotDeployListener:495] 4 portlets for opensocial-portlet are available for use
16:33:09,502 INFO  [localhost-startStop-2][HotDeployImpl:198] Deploying resources-importer-web from queue
16:33:09,502 INFO  [localhost-startStop-2][PluginPackageUtil:1016] Reading plugin package for resources-importer-web
16:33:10,052 INFO  [localhost-startStop-2][HotDeployImpl:198] Deploying sync-web from queue
16:33:10,053 INFO  [localhost-startStop-2][PluginPackageUtil:1016] Reading plugin package for sync-web
16:33:10,361 INFO  [localhost-startStop-2][ServiceComponentLocalServiceImpl:313] Running Sync SQL scripts
16:33:11,580 INFO  [localhost-startStop-2][HotDeployImpl:198] Deploying web-form-portlet from queue
16:33:11,580 INFO  [localhost-startStop-2][PluginPackageUtil:1016] Reading plugin package for web-form-portlet
16:33:12,068 INFO  [localhost-startStop-2][PortletHotDeployListener:343] Registering portlets for web-form-portlet
16:33:12,440 INFO  [localhost-startStop-2][PortletHotDeployListener:490] 1 portlet for web-form-portlet is available for use
16:33:12,441 INFO  [localhost-startStop-2][HotDeployImpl:198] Deploying welcome-theme from queue
16:33:12,442 INFO  [localhost-startStop-2][PluginPackageUtil:1016] Reading plugin package for welcome-theme
16:33:12,754 INFO  [localhost-startStop-2][ThemeHotDeployListener:97] Registering themes for welcome-theme
16:33:14,126 INFO  [localhost-startStop-2][ThemeHotDeployListener:110] 1 theme for welcome-theme is available for use
16:33:32,652 INFO  [liferay/hot_deploy-1][ResourcesImporterHotDeployMessageListener:212] Group or layout set prototype already exists for company liferay.com
16:33:44,721 INFO  [com.liferay.portal.kernel.deploy.auto.AutoDeployScanner][AutoDeployDir:204] Processing ocms-portlet.xml
16:33:44,727 INFO  [com.liferay.portal.kernel.deploy.auto.AutoDeployScanner][PortletExplodedTomcatListener:61] Modifying portlets for E:\ocmsLR\bundle\deploy\ocms-portlet.xml
16:33:44,783 INFO  [com.liferay.portal.kernel.deploy.auto.AutoDeployScanner][BaseDeployer:2383] Modifying Servlet 2.5 E:\ocmsLR\bundle\tomcat-7.0.42\webapps\ocms-portlet\WEB-INF\web.xml
16:33:44,783 INFO  [com.liferay.portal.kernel.deploy.auto.AutoDeployScanner][PortletExplodedTomcatListener:67] Portlets for E:\ocmsLR\bundle\deploy\ocms-portlet.xml modified successfully
16:33:44,784 INFO  [com.liferay.portal.kernel.deploy.auto.AutoDeployScanner][BaseExplodedTomcatListener:49] Copying file E:\ocmsLR\bundle\deploy\ocms-portlet.xml to E:\ocmsLR\bundle\tomcat-7.0.42\conf\Catalina\localhost
16:33:45,683 INFO  [ContainerBackgroundProcessor[StandardEngine[Catalina]]][HotDeployEvent:130] Plugin ocms-portlet requires marketplace-portlet
16:33:45,687 INFO  [ContainerBackgroundProcessor[StandardEngine[Catalina]]][PortletHotDeployListener:523] Unregistering portlets for ocms-portlet
16:33:45,693 INFO  [ContainerBackgroundProcessor[StandardEngine[Catalina]]][PortletHotDeployListener:563] 2 portlets for ocms-portlet were unregistered
16:33:45,698 INFO  [ContainerBackgroundProcessor[StandardEngine[Catalina]]][PluginPackageUtil:1016] Reading plugin package for ocms-portlet
16:33:47,084 INFO  [ContainerBackgroundProcessor[StandardEngine[Catalina]]][HotDeployEvent:130] Plugin ocms-portlet requires marketplace-portlet
16:33:47,085 INFO  [ContainerBackgroundProcessor[StandardEngine[Catalina]]][HotDeployImpl:198] Deploying ocms-portlet from queue
16:33:47,086 INFO  [ContainerBackgroundProcessor[StandardEngine[Catalina]]][PluginPackageUtil:1016] Reading plugin package for ocms-portlet
16:33:47,311 INFO  [ContainerBackgroundProcessor[StandardEngine[Catalina]]][PortletHotDeployListener:343] Registering portlets for ocms-portlet
16:33:47,382 INFO  [ContainerBackgroundProcessor[StandardEngine[Catalina]]][PortletHotDeployListener:495] 2 portlets for ocms-portlet are available for use
16:34:21,115 INFO  [localhost-startStop-1][DialectDetector:71] Determine dialect for PostgreSQL 9
16:34:21,203 INFO  [localhost-startStop-1][DialectDetector:136] Found dialect org.hibernate.dialect.PostgreSQLDialect
16:35:02,251 INFO  [localhost-startStop-1][BaseDB:481] Database supports case sensitive queries
16:35:02,817 INFO  [localhost-startStop-1][ServerDetector:166] Server supports hot deploy
16:35:02,827 INFO  [localhost-startStop-1][PluginPackageUtil:1013] Reading plugin package for the root context
16:35:36,931 INFO  [localhost-startStop-1][AutoDeployDir:139] Auto deploy scanner started for E:\ocmsLR\bundle\deploy
16:35:42,873 INFO  [localhost-startStop-1][HotDeployEvent:130] Plugin ocms-portlet requires marketplace-portlet
16:35:42,876 INFO  [localhost-startStop-1][HotDeployImpl:252] Queueing ocms-portlet for deploy because it is missing marketplace-portlet
16:35:48,674 INFO  [localhost-startStop-1][HotDeployEvent:130] Plugin calendar-portlet requires marketplace-portlet
16:35:48,675 INFO  [localhost-startStop-1][HotDeployImpl:252] Queueing calendar-portlet for deploy because it is missing marketplace-portlet
16:35:53,176 INFO  [localhost-startStop-1][HotDeployEvent:130] Plugin kaleo-web requires marketplace-portlet
16:35:53,177 INFO  [localhost-startStop-1][HotDeployImpl:252] Queueing kaleo-web for deploy because it is missing marketplace-portlet
16:35:54,741 INFO  [localhost-startStop-1][HotDeployImpl:198] Deploying marketplace-portlet from queue
16:35:54,744 INFO  [localhost-startStop-1][PluginPackageUtil:1016] Reading plugin package for marketplace-portlet
16:35:56,155 INFO  [localhost-startStop-1][HookHotDeployListener:687] Registering hook for marketplace-portlet
16:35:56,341 INFO  [localhost-startStop-1][HookHotDeployListener:814] Hook for marketplace-portlet is available for use
16:35:56,350 INFO  [localhost-startStop-1][PortletHotDeployListener:343] Registering portlets for marketplace-portlet
16:35:56,771 INFO  [localhost-startStop-1][PortletHotDeployListener:495] 3 portlets for marketplace-portlet are available for use
16:35:56,773 INFO  [localhost-startStop-1][HotDeployImpl:198] Deploying ocms-portlet from queue
16:35:56,773 INFO  [localhost-startStop-1][PluginPackageUtil:1016] Reading plugin package for ocms-portlet
16:35:57,000 INFO  [localhost-startStop-1][PortletHotDeployListener:343] Registering portlets for ocms-portlet
16:35:57,080 INFO  [localhost-startStop-1][PortletHotDeployListener:495] 2 portlets for ocms-portlet are available for use
16:35:57,081 INFO  [localhost-startStop-1][HotDeployImpl:198] Deploying calendar-portlet from queue
16:35:57,081 INFO  [localhost-startStop-1][PluginPackageUtil:1016] Reading plugin package for calendar-portlet
16:35:59,056 INFO  [localhost-startStop-1][HookHotDeployListener:687] Registering hook for calendar-portlet
16:36:00,876 INFO  [localhost-startStop-1][HookHotDeployListener:814] Hook for calendar-portlet is available for use
16:36:00,898 INFO  [localhost-startStop-1][PortletHotDeployListener:343] Registering portlets for calendar-portlet
16:36:01,471 INFO  [localhost-startStop-1][PortletHotDeployListener:490] 1 portlet for calendar-portlet is available for use
16:36:01,472 INFO  [localhost-startStop-1][SocialHotDeployListener:94] Registering social for calendar-portlet
16:36:01,474 INFO  [localhost-startStop-1][SocialHotDeployListener:103] Social for calendar-portlet is available for use
16:36:01,475 INFO  [localhost-startStop-1][HotDeployImpl:198] Deploying kaleo-web from queue
16:36:01,475 INFO  [localhost-startStop-1][PluginPackageUtil:1016] Reading plugin package for kaleo-web
16:36:07,820 INFO  [localhost-startStop-1][HookHotDeployListener:687] Registering hook for kaleo-web
16:36:07,897 INFO  [localhost-startStop-1][HookHotDeployListener:814] Hook for kaleo-web is available for use
16:36:09,251 INFO  [localhost-startStop-1][HotDeployEvent:130] Plugin notifications-portlet requires marketplace-portlet
16:36:09,252 INFO  [localhost-startStop-1][HotDeployImpl:198] Deploying notifications-portlet from queue
16:36:09,252 INFO  [localhost-startStop-1][PluginPackageUtil:1016] Reading plugin package for notifications-portlet
16:36:09,587 INFO  [localhost-startStop-1][HookHotDeployListener:687] Registering hook for notifications-portlet
16:36:09,612 INFO  [localhost-startStop-1][HookHotDeployListener:814] Hook for notifications-portlet is available for use
16:36:09,615 INFO  [localhost-startStop-1][PortletHotDeployListener:343] Registering portlets for notifications-portlet
16:36:09,878 INFO  [localhost-startStop-1][PortletHotDeployListener:495] 2 portlets for notifications-portlet are available for use
16:36:13,210 INFO  [localhost-startStop-1][HotDeployEvent:130] Plugin opensocial-portlet requires marketplace-portlet
16:36:13,211 INFO  [localhost-startStop-1][HotDeployImpl:198] Deploying opensocial-portlet from queue
16:36:13,211 INFO  [localhost-startStop-1][PluginPackageUtil:1016] Reading plugin package for opensocial-portlet
16:36:15,119 INFO  [localhost-startStop-1][HookHotDeployListener:687] Registering hook for opensocial-portlet
16:36:15,127 INFO  [localhost-startStop-1][HookHotDeployListener:814] Hook for opensocial-portlet is available for use
16:36:15,137 INFO  [localhost-startStop-1][PortletHotDeployListener:343] Registering portlets for opensocial-portlet
16:36:15,826 INFO  [localhost-startStop-1][PortletHotDeployListener:495] 4 portlets for opensocial-portlet are available for use
16:36:17,519 INFO  [localhost-startStop-1][HotDeployEvent:130] Plugin resources-importer-web requires marketplace-portlet
16:36:17,519 INFO  [localhost-startStop-1][HotDeployImpl:198] Deploying resources-importer-web from queue
16:36:17,520 INFO  [localhost-startStop-1][PluginPackageUtil:1016] Reading plugin package for resources-importer-web
16:36:19,421 INFO  [localhost-startStop-1][HotDeployEvent:130] Plugin sync-web requires marketplace-portlet
16:36:19,421 INFO  [localhost-startStop-1][HotDeployImpl:198] Deploying sync-web from queue
16:36:19,422 INFO  [localhost-startStop-1][PluginPackageUtil:1016] Reading plugin package for sync-web
16:36:21,553 INFO  [localhost-startStop-1][HotDeployEvent:130] Plugin web-form-portlet requires marketplace-portlet
16:36:21,553 INFO  [localhost-startStop-1][HotDeployImpl:198] Deploying web-form-portlet from queue
16:36:21,554 INFO  [localhost-startStop-1][PluginPackageUtil:1016] Reading plugin package for web-form-portlet
16:36:21,841 INFO  [localhost-startStop-1][PortletHotDeployListener:343] Registering portlets for web-form-portlet
16:36:22,045 INFO  [localhost-startStop-1][PortletHotDeployListener:490] 1 portlet for web-form-portlet is available for use
16:36:22,942 INFO  [localhost-startStop-1][HotDeployEvent:130] Plugin welcome-theme requires marketplace-portlet, resources-importer-web
16:36:22,943 INFO  [localhost-startStop-1][HotDeployImpl:198] Deploying welcome-theme from queue
16:36:22,943 INFO  [localhost-startStop-1][PluginPackageUtil:1016] Reading plugin package for welcome-theme
16:36:23,233 INFO  [localhost-startStop-1][ThemeHotDeployListener:97] Registering themes for welcome-theme
16:36:23,777 INFO  [localhost-startStop-1][ThemeHotDeployListener:110] 1 theme for welcome-theme is available for use
16:36:27,432 INFO  [liferay/hot_deploy-1][ResourcesImporterHotDeployMessageListener:212] Group or layout set prototype already exists for company liferay.com
16:46:34,552 INFO  [ContainerBackgroundProcessor[StandardEngine[Catalina]]][HotDeployEvent:130] Plugin ocms-portlet requires marketplace-portlet
16:46:34,721 INFO  [ContainerBackgroundProcessor[StandardEngine[Catalina]]][PortletHotDeployListener:523] Unregistering portlets for ocms-portlet
16:46:34,731 INFO  [ContainerBackgroundProcessor[StandardEngine[Catalina]]][PortletHotDeployListener:563] 2 portlets for ocms-portlet were unregistered
16:46:34,736 INFO  [ContainerBackgroundProcessor[StandardEngine[Catalina]]][PluginPackageUtil:1016] Reading plugin package for ocms-portlet
16:46:36,121 INFO  [ContainerBackgroundProcessor[StandardEngine[Catalina]]][HotDeployEvent:130] Plugin ocms-portlet requires marketplace-portlet
16:46:36,121 INFO  [ContainerBackgroundProcessor[StandardEngine[Catalina]]][HotDeployImpl:198] Deploying ocms-portlet from queue
16:46:36,122 INFO  [ContainerBackgroundProcessor[StandardEngine[Catalina]]][PluginPackageUtil:1016] Reading plugin package for ocms-portlet
16:46:36,273 INFO  [ContainerBackgroundProcessor[StandardEngine[Catalina]]][ServiceComponentLocalServiceImpl:313] Running CM SQL scripts
16:46:36,433 INFO  [ContainerBackgroundProcessor[StandardEngine[Catalina]]][ClpSerializer:70] Unable to locate deployment context from portlet properties
16:46:36,831 INFO  [ContainerBackgroundProcessor[StandardEngine[Catalina]]][PortletHotDeployListener:343] Registering portlets for ocms-portlet
16:46:36,986 INFO  [ContainerBackgroundProcessor[StandardEngine[Catalina]]][PortletHotDeployListener:495] 2 portlets for ocms-portlet are available for use
16:47:25,214 INFO  [localhost-startStop-2][HotDeployEvent:130] Plugin ocms-portlet requires marketplace-portlet
16:47:25,215 INFO  [localhost-startStop-2][PortletHotDeployListener:523] Unregistering portlets for ocms-portlet
16:47:25,218 INFO  [localhost-startStop-2][PortletHotDeployListener:563] 2 portlets for ocms-portlet were unregistered
16:47:25,394 INFO  [localhost-startStop-2][PluginPackageUtil:1016] Reading plugin package for ocms-portlet
16:47:25,409 INFO  [localhost-startStop-2][HotDeployEvent:130] Plugin welcome-theme requires marketplace-portlet, resources-importer-web
16:47:25,409 INFO  [localhost-startStop-2][ThemeHotDeployListener:137] Unregistering themes for welcome-theme
16:47:25,413 INFO  [localhost-startStop-2][ThemeHotDeployListener:169] 1 theme for welcome-theme was unregistered
16:47:25,415 INFO  [localhost-startStop-2][PluginPackageUtil:1016] Reading plugin package for welcome-theme
16:47:25,421 INFO  [localhost-startStop-2][HotDeployEvent:130] Plugin web-form-portlet requires marketplace-portlet
16:47:25,421 INFO  [localhost-startStop-2][PortletHotDeployListener:523] Unregistering portlets for web-form-portlet
16:47:25,429 INFO  [localhost-startStop-2][PortletHotDeployListener:558] 1 portlet for web-form-portlet was unregistered
16:47:25,432 INFO  [localhost-startStop-2][PluginPackageUtil:1016] Reading plugin package for web-form-portlet
16:47:25,443 INFO  [localhost-startStop-2][HotDeployEvent:130] Plugin sync-web requires marketplace-portlet
16:47:25,453 INFO  [localhost-startStop-2][PluginPackageUtil:1016] Reading plugin package for sync-web
16:47:25,464 INFO  [localhost-startStop-2][HotDeployEvent:130] Plugin resources-importer-web requires marketplace-portlet
16:47:25,468 INFO  [localhost-startStop-2][PluginPackageUtil:1016] Reading plugin package for resources-importer-web
16:47:25,476 INFO  [localhost-startStop-2][HotDeployEvent:130] Plugin opensocial-portlet requires marketplace-portlet
16:47:25,477 INFO  [localhost-startStop-2][PortletHotDeployListener:523] Unregistering portlets for opensocial-portlet
16:47:25,482 INFO  [localhost-startStop-2][PortletHotDeployListener:563] 4 portlets for opensocial-portlet were unregistered
16:47:25,485 INFO  [localhost-startStop-2][HookHotDeployListener:944] Hook for opensocial-portlet was unregistered
16:47:25,517 INFO  [localhost-startStop-2][PluginPackageUtil:1016] Reading plugin package for opensocial-portlet
16:47:25,525 INFO  [localhost-startStop-2][HotDeployEvent:130] Plugin notifications-portlet requires marketplace-portlet
16:47:25,525 INFO  [localhost-startStop-2][PortletHotDeployListener:523] Unregistering portlets for notifications-portlet
16:47:25,527 INFO  [localhost-startStop-2][PortletHotDeployListener:563] 2 portlets for notifications-portlet were unregistered
16:47:25,530 INFO  [localhost-startStop-2][HookHotDeployListener:944] Hook for notifications-portlet was unregistered
16:47:25,531 INFO  [localhost-startStop-2][PluginPackageUtil:1016] Reading plugin package for notifications-portlet
16:47:25,536 INFO  [localhost-startStop-2][PortletHotDeployListener:523] Unregistering portlets for marketplace-portlet
16:47:25,538 INFO  [localhost-startStop-2][PortletHotDeployListener:563] 3 portlets for marketplace-portlet were unregistered
16:47:25,540 INFO  [localhost-startStop-2][HookHotDeployListener:944] Hook for marketplace-portlet was unregistered
16:47:25,566 INFO  [localhost-startStop-2][PluginPackageUtil:1016] Reading plugin package for marketplace-portlet
16:47:25,577 INFO  [localhost-startStop-2][HotDeployEvent:130] Plugin kaleo-web requires marketplace-portlet
16:47:25,579 INFO  [localhost-startStop-2][HookHotDeployListener:944] Hook for kaleo-web was unregistered
16:47:25,625 INFO  [localhost-startStop-2][PluginPackageUtil:1016] Reading plugin package for kaleo-web
16:47:25,638 INFO  [localhost-startStop-2][HotDeployEvent:130] Plugin calendar-portlet requires marketplace-portlet
16:47:25,639 INFO  [localhost-startStop-2][SocialHotDeployListener:159] Social for calendar-portlet was unregistered
16:47:25,642 INFO  [localhost-startStop-2][PortletHotDeployListener:523] Unregistering portlets for calendar-portlet
16:47:25,652 INFO  [localhost-startStop-2][PortletHotDeployListener:558] 1 portlet for calendar-portlet was unregistered
16:47:25,749 INFO  [localhost-startStop-2][HookHotDeployListener:944] Hook for calendar-portlet was unregistered
16:47:25,756 INFO  [localhost-startStop-2][PluginPackageUtil:1016] Reading plugin package for calendar-portlet
16:47:26,855 ERROR [FreeMarker Debugger Server Acceptor][server:96] Debugger server shut down.
java.net.SocketException: socket closed
	at java.net.TwoStacksPlainSocketImpl.socketAccept(Native Method)
	at java.net.AbstractPlainSocketImpl.accept(AbstractPlainSocketImpl.java:398)
	at java.net.PlainSocketImpl.accept(PlainSocketImpl.java:198)
	at java.net.ServerSocket.implAccept(ServerSocket.java:530)
	at java.net.ServerSocket.accept(ServerSocket.java:498)
	at freemarker.debug.impl.DebuggerServer.startInternal(DebuggerServer.java:120)
	at freemarker.debug.impl.DebuggerServer.access$4(DebuggerServer.java:113)
	at freemarker.debug.impl.DebuggerServer$1.run(DebuggerServer.java:108)
	at java.lang.Thread.run(Thread.java:744)
16:47:54,260 INFO  [localhost-startStop-1][DialectDetector:71] Determine dialect for PostgreSQL 9
16:47:54,316 INFO  [localhost-startStop-1][DialectDetector:136] Found dialect org.hibernate.dialect.PostgreSQLDialect
16:48:27,971 INFO  [localhost-startStop-1][BaseDB:481] Database supports case sensitive queries
16:48:28,618 INFO  [localhost-startStop-1][ServerDetector:166] Server supports hot deploy
16:48:28,623 INFO  [localhost-startStop-1][PluginPackageUtil:1013] Reading plugin package for the root context
16:49:01,931 INFO  [localhost-startStop-1][AutoDeployDir:139] Auto deploy scanner started for E:\ocmsLR\bundle\deploy
16:49:04,696 INFO  [localhost-startStop-1][HotDeployEvent:130] Plugin ocms-portlet requires marketplace-portlet
16:49:04,698 INFO  [localhost-startStop-1][HotDeployImpl:252] Queueing ocms-portlet for deploy because it is missing marketplace-portlet
16:49:09,335 INFO  [localhost-startStop-1][HotDeployEvent:130] Plugin calendar-portlet requires marketplace-portlet
16:49:09,336 INFO  [localhost-startStop-1][HotDeployImpl:252] Queueing calendar-portlet for deploy because it is missing marketplace-portlet
16:49:11,782 INFO  [localhost-startStop-1][HotDeployEvent:130] Plugin kaleo-web requires marketplace-portlet
16:49:11,783 INFO  [localhost-startStop-1][HotDeployImpl:252] Queueing kaleo-web for deploy because it is missing marketplace-portlet
16:49:13,370 INFO  [localhost-startStop-1][HotDeployImpl:198] Deploying marketplace-portlet from queue
16:49:13,378 INFO  [localhost-startStop-1][PluginPackageUtil:1016] Reading plugin package for marketplace-portlet
16:49:15,873 INFO  [localhost-startStop-1][HookHotDeployListener:687] Registering hook for marketplace-portlet
16:49:16,046 INFO  [localhost-startStop-1][HookHotDeployListener:814] Hook for marketplace-portlet is available for use
16:49:16,052 INFO  [localhost-startStop-1][PortletHotDeployListener:343] Registering portlets for marketplace-portlet
16:49:16,428 INFO  [localhost-startStop-1][PortletHotDeployListener:495] 3 portlets for marketplace-portlet are available for use
16:49:16,430 INFO  [localhost-startStop-1][HotDeployImpl:198] Deploying ocms-portlet from queue
16:49:16,430 INFO  [localhost-startStop-1][PluginPackageUtil:1016] Reading plugin package for ocms-portlet
16:49:16,617 INFO  [localhost-startStop-1][ClpSerializer:70] Unable to locate deployment context from portlet properties
16:49:16,899 INFO  [localhost-startStop-1][PortletHotDeployListener:343] Registering portlets for ocms-portlet
16:49:17,076 INFO  [localhost-startStop-1][PortletHotDeployListener:495] 2 portlets for ocms-portlet are available for use
16:49:17,077 INFO  [localhost-startStop-1][HotDeployImpl:198] Deploying calendar-portlet from queue
16:49:17,077 INFO  [localhost-startStop-1][PluginPackageUtil:1016] Reading plugin package for calendar-portlet
16:49:18,351 INFO  [localhost-startStop-1][HookHotDeployListener:687] Registering hook for calendar-portlet
16:49:19,758 INFO  [localhost-startStop-1][HookHotDeployListener:814] Hook for calendar-portlet is available for use
16:49:19,781 INFO  [localhost-startStop-1][PortletHotDeployListener:343] Registering portlets for calendar-portlet
16:49:20,429 INFO  [localhost-startStop-1][PortletHotDeployListener:490] 1 portlet for calendar-portlet is available for use
16:49:20,429 INFO  [localhost-startStop-1][SocialHotDeployListener:94] Registering social for calendar-portlet
16:49:20,431 INFO  [localhost-startStop-1][SocialHotDeployListener:103] Social for calendar-portlet is available for use
16:49:20,431 INFO  [localhost-startStop-1][HotDeployImpl:198] Deploying kaleo-web from queue
16:49:20,432 INFO  [localhost-startStop-1][PluginPackageUtil:1016] Reading plugin package for kaleo-web
16:49:24,265 INFO  [localhost-startStop-1][HookHotDeployListener:687] Registering hook for kaleo-web
16:49:24,299 INFO  [localhost-startStop-1][HookHotDeployListener:814] Hook for kaleo-web is available for use
16:49:25,591 INFO  [localhost-startStop-1][HotDeployEvent:130] Plugin notifications-portlet requires marketplace-portlet
16:49:25,592 INFO  [localhost-startStop-1][HotDeployImpl:198] Deploying notifications-portlet from queue
16:49:25,593 INFO  [localhost-startStop-1][PluginPackageUtil:1016] Reading plugin package for notifications-portlet
16:49:25,859 INFO  [localhost-startStop-1][HookHotDeployListener:687] Registering hook for notifications-portlet
16:49:25,886 INFO  [localhost-startStop-1][HookHotDeployListener:814] Hook for notifications-portlet is available for use
16:49:25,889 INFO  [localhost-startStop-1][PortletHotDeployListener:343] Registering portlets for notifications-portlet
16:49:26,120 INFO  [localhost-startStop-1][PortletHotDeployListener:495] 2 portlets for notifications-portlet are available for use
16:49:30,459 INFO  [localhost-startStop-1][HotDeployEvent:130] Plugin opensocial-portlet requires marketplace-portlet
16:49:30,459 INFO  [localhost-startStop-1][HotDeployImpl:198] Deploying opensocial-portlet from queue
16:49:30,460 INFO  [localhost-startStop-1][PluginPackageUtil:1016] Reading plugin package for opensocial-portlet
16:49:31,995 INFO  [localhost-startStop-1][HookHotDeployListener:687] Registering hook for opensocial-portlet
16:49:32,000 INFO  [localhost-startStop-1][HookHotDeployListener:814] Hook for opensocial-portlet is available for use
16:49:32,008 INFO  [localhost-startStop-1][PortletHotDeployListener:343] Registering portlets for opensocial-portlet
16:49:32,642 INFO  [localhost-startStop-1][PortletHotDeployListener:495] 4 portlets for opensocial-portlet are available for use
16:49:34,305 INFO  [localhost-startStop-1][HotDeployEvent:130] Plugin resources-importer-web requires marketplace-portlet
16:49:34,305 INFO  [localhost-startStop-1][HotDeployImpl:198] Deploying resources-importer-web from queue
16:49:34,306 INFO  [localhost-startStop-1][PluginPackageUtil:1016] Reading plugin package for resources-importer-web
16:49:35,660 INFO  [localhost-startStop-1][HotDeployEvent:130] Plugin sync-web requires marketplace-portlet
16:49:35,660 INFO  [localhost-startStop-1][HotDeployImpl:198] Deploying sync-web from queue
16:49:35,661 INFO  [localhost-startStop-1][PluginPackageUtil:1016] Reading plugin package for sync-web
16:49:37,275 INFO  [localhost-startStop-1][HotDeployEvent:130] Plugin web-form-portlet requires marketplace-portlet
16:49:37,275 INFO  [localhost-startStop-1][HotDeployImpl:198] Deploying web-form-portlet from queue
16:49:37,275 INFO  [localhost-startStop-1][PluginPackageUtil:1016] Reading plugin package for web-form-portlet
16:49:37,504 INFO  [localhost-startStop-1][PortletHotDeployListener:343] Registering portlets for web-form-portlet
16:49:37,671 INFO  [localhost-startStop-1][PortletHotDeployListener:490] 1 portlet for web-form-portlet is available for use
16:49:38,463 INFO  [localhost-startStop-1][HotDeployEvent:130] Plugin welcome-theme requires marketplace-portlet, resources-importer-web
16:49:38,464 INFO  [localhost-startStop-1][HotDeployImpl:198] Deploying welcome-theme from queue
16:49:38,464 INFO  [localhost-startStop-1][PluginPackageUtil:1016] Reading plugin package for welcome-theme
16:49:38,743 INFO  [localhost-startStop-1][ThemeHotDeployListener:97] Registering themes for welcome-theme
16:49:39,396 INFO  [localhost-startStop-1][ThemeHotDeployListener:110] 1 theme for welcome-theme is available for use
16:49:55,519 INFO  [liferay/hot_deploy-1][ResourcesImporterHotDeployMessageListener:212] Group or layout set prototype already exists for company liferay.com
16:53:49,865 INFO  [ContainerBackgroundProcessor[StandardEngine[Catalina]]][HotDeployEvent:130] Plugin ocms-portlet requires marketplace-portlet
16:53:49,868 INFO  [ContainerBackgroundProcessor[StandardEngine[Catalina]]][PortletHotDeployListener:523] Unregistering portlets for ocms-portlet
16:53:49,878 INFO  [ContainerBackgroundProcessor[StandardEngine[Catalina]]][PortletHotDeployListener:563] 2 portlets for ocms-portlet were unregistered
16:53:49,892 INFO  [ContainerBackgroundProcessor[StandardEngine[Catalina]]][PluginPackageUtil:1016] Reading plugin package for ocms-portlet
16:53:51,152 INFO  [ContainerBackgroundProcessor[StandardEngine[Catalina]]][HotDeployEvent:130] Plugin ocms-portlet requires marketplace-portlet
16:53:51,153 INFO  [ContainerBackgroundProcessor[StandardEngine[Catalina]]][HotDeployImpl:198] Deploying ocms-portlet from queue
16:53:51,153 INFO  [ContainerBackgroundProcessor[StandardEngine[Catalina]]][PluginPackageUtil:1016] Reading plugin package for ocms-portlet
16:53:51,350 INFO  [ContainerBackgroundProcessor[StandardEngine[Catalina]]][ClpSerializer:70] Unable to locate deployment context from portlet properties
16:53:51,565 INFO  [ContainerBackgroundProcessor[StandardEngine[Catalina]]][PortletHotDeployListener:343] Registering portlets for ocms-portlet
16:53:51,701 INFO  [ContainerBackgroundProcessor[StandardEngine[Catalina]]][PortletHotDeployListener:495] 2 portlets for ocms-portlet are available for use
17:40:22,921 INFO  [localhost-startStop-1][DialectDetector:71] Determine dialect for PostgreSQL 9
17:40:22,969 INFO  [localhost-startStop-1][DialectDetector:136] Found dialect org.hibernate.dialect.PostgreSQLDialect
17:40:54,758 INFO  [localhost-startStop-1][BaseDB:481] Database supports case sensitive queries
17:40:55,263 INFO  [localhost-startStop-1][ServerDetector:166] Server supports hot deploy
17:40:55,269 INFO  [localhost-startStop-1][PluginPackageUtil:1013] Reading plugin package for the root context
17:41:28,777 INFO  [localhost-startStop-1][AutoDeployDir:139] Auto deploy scanner started for E:\ocmsLR\bundle\deploy
17:41:31,540 INFO  [localhost-startStop-1][HotDeployEvent:130] Plugin ocms-portlet requires marketplace-portlet
17:41:31,542 INFO  [localhost-startStop-1][HotDeployImpl:252] Queueing ocms-portlet for deploy because it is missing marketplace-portlet
17:41:36,160 INFO  [localhost-startStop-1][HotDeployEvent:130] Plugin calendar-portlet requires marketplace-portlet
17:41:36,161 INFO  [localhost-startStop-1][HotDeployImpl:252] Queueing calendar-portlet for deploy because it is missing marketplace-portlet
17:41:38,956 INFO  [localhost-startStop-1][HotDeployEvent:130] Plugin kaleo-web requires marketplace-portlet
17:41:38,957 INFO  [localhost-startStop-1][HotDeployImpl:252] Queueing kaleo-web for deploy because it is missing marketplace-portlet
17:41:39,779 INFO  [com.liferay.portal.kernel.deploy.auto.AutoDeployScanner][AutoDeployDir:204] Processing ocms-portlet-6.2.0.1.war
17:41:39,785 INFO  [com.liferay.portal.kernel.deploy.auto.AutoDeployScanner][PortletAutoDeployListener:79] Copying portlets for E:\ocmsLR\bundle\deploy\ocms-portlet-6.2.0.1.war
17:41:39,803 INFO  [com.liferay.portal.kernel.deploy.auto.AutoDeployScanner][BaseDeployer:859] Deploying ocms-portlet-6.2.0.1.war
17:41:39,804 INFO  [com.liferay.portal.kernel.deploy.auto.AutoDeployScanner][BaseDeployer:962] Updating Ocms from version 6.2.1 to version 6.2.0.1
17:41:39,805 INFO  [com.liferay.portal.kernel.deploy.auto.AutoDeployScanner][BaseDeployer:971] Not updating Ocms because version 6.2.1 is newer than version 6.2.0.1
17:41:40,620 INFO  [localhost-startStop-1][HotDeployImpl:198] Deploying marketplace-portlet from queue
17:41:40,623 INFO  [localhost-startStop-1][PluginPackageUtil:1016] Reading plugin package for marketplace-portlet
17:41:41,646 INFO  [localhost-startStop-1][HookHotDeployListener:687] Registering hook for marketplace-portlet
17:41:43,355 INFO  [localhost-startStop-1][HookHotDeployListener:814] Hook for marketplace-portlet is available for use
17:41:43,361 INFO  [localhost-startStop-1][PortletHotDeployListener:343] Registering portlets for marketplace-portlet
17:41:43,830 INFO  [localhost-startStop-1][PortletHotDeployListener:495] 3 portlets for marketplace-portlet are available for use
17:41:43,831 INFO  [localhost-startStop-1][HotDeployImpl:198] Deploying ocms-portlet from queue
17:41:43,832 INFO  [localhost-startStop-1][PluginPackageUtil:1016] Reading plugin package for ocms-portlet
17:41:43,986 INFO  [localhost-startStop-1][ServiceComponentLocalServiceImpl:322] Upgrading CM database to build number 4
17:41:43,988 INFO  [localhost-startStop-1][ServiceComponentLocalServiceImpl:351] Upgrading database with indexes.sql
17:41:44,000 WARN  [localhost-startStop-1][BaseDB:457] ERROR: relation "ix_2fdaee00" already exists: create index IX_2FDAEE00 on CM_Course (courseId);

17:41:44,142 INFO  [localhost-startStop-1][ClpSerializer:70] Unable to locate deployment context from portlet properties
17:41:44,378 INFO  [localhost-startStop-1][PortletHotDeployListener:343] Registering portlets for ocms-portlet
17:41:44,537 INFO  [localhost-startStop-1][PortletHotDeployListener:495] 2 portlets for ocms-portlet are available for use
17:41:44,537 INFO  [localhost-startStop-1][HotDeployImpl:198] Deploying calendar-portlet from queue
17:41:44,538 INFO  [localhost-startStop-1][PluginPackageUtil:1016] Reading plugin package for calendar-portlet
17:41:45,757 INFO  [localhost-startStop-1][HookHotDeployListener:687] Registering hook for calendar-portlet
17:41:47,130 INFO  [localhost-startStop-1][HookHotDeployListener:814] Hook for calendar-portlet is available for use
17:41:47,164 INFO  [localhost-startStop-1][PortletHotDeployListener:343] Registering portlets for calendar-portlet
17:41:47,677 INFO  [localhost-startStop-1][PortletHotDeployListener:490] 1 portlet for calendar-portlet is available for use
17:41:47,677 INFO  [localhost-startStop-1][SocialHotDeployListener:94] Registering social for calendar-portlet
17:41:47,679 INFO  [localhost-startStop-1][SocialHotDeployListener:103] Social for calendar-portlet is available for use
17:41:47,679 INFO  [localhost-startStop-1][HotDeployImpl:198] Deploying kaleo-web from queue
17:41:47,679 INFO  [localhost-startStop-1][PluginPackageUtil:1016] Reading plugin package for kaleo-web
17:41:50,753 INFO  [localhost-startStop-1][HookHotDeployListener:687] Registering hook for kaleo-web
17:41:50,796 INFO  [localhost-startStop-1][HookHotDeployListener:814] Hook for kaleo-web is available for use
17:41:53,653 INFO  [localhost-startStop-1][HotDeployEvent:130] Plugin notifications-portlet requires marketplace-portlet
17:41:53,654 INFO  [localhost-startStop-1][HotDeployImpl:198] Deploying notifications-portlet from queue
17:41:53,654 INFO  [localhost-startStop-1][PluginPackageUtil:1016] Reading plugin package for notifications-portlet
17:41:53,892 INFO  [localhost-startStop-1][HookHotDeployListener:687] Registering hook for notifications-portlet
17:41:53,917 INFO  [localhost-startStop-1][HookHotDeployListener:814] Hook for notifications-portlet is available for use
17:41:53,920 INFO  [localhost-startStop-1][PortletHotDeployListener:343] Registering portlets for notifications-portlet
17:41:54,152 INFO  [localhost-startStop-1][PortletHotDeployListener:495] 2 portlets for notifications-portlet are available for use
17:41:57,342 INFO  [localhost-startStop-1][HotDeployEvent:130] Plugin opensocial-portlet requires marketplace-portlet
17:41:57,343 INFO  [localhost-startStop-1][HotDeployImpl:198] Deploying opensocial-portlet from queue
17:41:57,343 INFO  [localhost-startStop-1][PluginPackageUtil:1016] Reading plugin package for opensocial-portlet
17:41:58,863 INFO  [localhost-startStop-1][HookHotDeployListener:687] Registering hook for opensocial-portlet
17:41:58,870 INFO  [localhost-startStop-1][HookHotDeployListener:814] Hook for opensocial-portlet is available for use
17:41:58,875 INFO  [localhost-startStop-1][PortletHotDeployListener:343] Registering portlets for opensocial-portlet
17:42:00,208 INFO  [localhost-startStop-1][PortletHotDeployListener:495] 4 portlets for opensocial-portlet are available for use
17:42:01,679 INFO  [localhost-startStop-1][HotDeployEvent:130] Plugin resources-importer-web requires marketplace-portlet
17:42:01,680 INFO  [localhost-startStop-1][HotDeployImpl:198] Deploying resources-importer-web from queue
17:42:01,680 INFO  [localhost-startStop-1][PluginPackageUtil:1016] Reading plugin package for resources-importer-web
17:42:04,929 INFO  [localhost-startStop-1][HotDeployEvent:130] Plugin sync-web requires marketplace-portlet
17:42:04,929 INFO  [localhost-startStop-1][HotDeployImpl:198] Deploying sync-web from queue
17:42:04,930 INFO  [localhost-startStop-1][PluginPackageUtil:1016] Reading plugin package for sync-web
17:42:06,687 INFO  [localhost-startStop-1][HotDeployEvent:130] Plugin web-form-portlet requires marketplace-portlet
17:42:06,688 INFO  [localhost-startStop-1][HotDeployImpl:198] Deploying web-form-portlet from queue
17:42:06,688 INFO  [localhost-startStop-1][PluginPackageUtil:1016] Reading plugin package for web-form-portlet
17:42:06,930 INFO  [localhost-startStop-1][PortletHotDeployListener:343] Registering portlets for web-form-portlet
17:42:07,148 INFO  [localhost-startStop-1][PortletHotDeployListener:490] 1 portlet for web-form-portlet is available for use
17:42:07,905 INFO  [localhost-startStop-1][HotDeployEvent:130] Plugin welcome-theme requires marketplace-portlet, resources-importer-web
17:42:07,905 INFO  [localhost-startStop-1][HotDeployImpl:198] Deploying welcome-theme from queue
17:42:07,906 INFO  [localhost-startStop-1][PluginPackageUtil:1016] Reading plugin package for welcome-theme
17:42:08,158 INFO  [localhost-startStop-1][ThemeHotDeployListener:97] Registering themes for welcome-theme
17:42:08,753 INFO  [localhost-startStop-1][ThemeHotDeployListener:110] 1 theme for welcome-theme is available for use
17:42:10,058 INFO  [liferay/hot_deploy-1][ResourcesImporterHotDeployMessageListener:212] Group or layout set prototype already exists for company liferay.com
17:52:58,036 INFO  [localhost-startStop-2][HotDeployEvent:130] Plugin welcome-theme requires marketplace-portlet, resources-importer-web
17:52:58,092 INFO  [localhost-startStop-2][ThemeHotDeployListener:137] Unregistering themes for welcome-theme
17:52:58,095 INFO  [localhost-startStop-2][ThemeHotDeployListener:169] 1 theme for welcome-theme was unregistered
17:52:58,099 INFO  [localhost-startStop-2][PluginPackageUtil:1016] Reading plugin package for welcome-theme
17:52:58,105 INFO  [localhost-startStop-2][HotDeployEvent:130] Plugin web-form-portlet requires marketplace-portlet
17:52:58,105 INFO  [localhost-startStop-2][PortletHotDeployListener:523] Unregistering portlets for web-form-portlet
17:52:58,115 INFO  [localhost-startStop-2][PortletHotDeployListener:558] 1 portlet for web-form-portlet was unregistered
17:52:58,117 INFO  [localhost-startStop-2][PluginPackageUtil:1016] Reading plugin package for web-form-portlet
17:52:58,129 INFO  [localhost-startStop-2][HotDeployEvent:130] Plugin sync-web requires marketplace-portlet
17:52:58,140 INFO  [localhost-startStop-2][PluginPackageUtil:1016] Reading plugin package for sync-web
17:52:58,153 INFO  [localhost-startStop-2][HotDeployEvent:130] Plugin resources-importer-web requires marketplace-portlet
17:52:58,155 INFO  [localhost-startStop-2][PluginPackageUtil:1016] Reading plugin package for resources-importer-web
17:52:58,159 INFO  [localhost-startStop-2][HotDeployEvent:130] Plugin opensocial-portlet requires marketplace-portlet
17:52:58,159 INFO  [localhost-startStop-2][PortletHotDeployListener:523] Unregistering portlets for opensocial-portlet
17:52:58,164 INFO  [localhost-startStop-2][PortletHotDeployListener:563] 4 portlets for opensocial-portlet were unregistered
17:52:58,166 INFO  [localhost-startStop-2][HookHotDeployListener:944] Hook for opensocial-portlet was unregistered
17:52:58,193 INFO  [localhost-startStop-2][PluginPackageUtil:1016] Reading plugin package for opensocial-portlet
17:52:58,200 INFO  [localhost-startStop-2][HotDeployEvent:130] Plugin notifications-portlet requires marketplace-portlet
17:52:58,200 INFO  [localhost-startStop-2][PortletHotDeployListener:523] Unregistering portlets for notifications-portlet
17:52:58,203 INFO  [localhost-startStop-2][PortletHotDeployListener:563] 2 portlets for notifications-portlet were unregistered
17:52:58,207 INFO  [localhost-startStop-2][HookHotDeployListener:944] Hook for notifications-portlet was unregistered
17:52:58,208 INFO  [localhost-startStop-2][PluginPackageUtil:1016] Reading plugin package for notifications-portlet
17:52:58,213 INFO  [localhost-startStop-2][PortletHotDeployListener:523] Unregistering portlets for marketplace-portlet
17:52:58,215 INFO  [localhost-startStop-2][PortletHotDeployListener:563] 3 portlets for marketplace-portlet were unregistered
17:52:58,217 INFO  [localhost-startStop-2][HookHotDeployListener:944] Hook for marketplace-portlet was unregistered
17:52:58,224 INFO  [localhost-startStop-2][PluginPackageUtil:1016] Reading plugin package for marketplace-portlet
17:52:58,232 INFO  [localhost-startStop-2][HotDeployEvent:130] Plugin kaleo-web requires marketplace-portlet
17:52:58,233 INFO  [localhost-startStop-2][HookHotDeployListener:944] Hook for kaleo-web was unregistered
17:52:58,264 INFO  [localhost-startStop-2][PluginPackageUtil:1016] Reading plugin package for kaleo-web
17:52:58,273 INFO  [localhost-startStop-2][HotDeployEvent:130] Plugin calendar-portlet requires marketplace-portlet
17:52:58,273 INFO  [localhost-startStop-2][SocialHotDeployListener:159] Social for calendar-portlet was unregistered
17:52:58,274 INFO  [localhost-startStop-2][PortletHotDeployListener:523] Unregistering portlets for calendar-portlet
17:52:58,280 INFO  [localhost-startStop-2][PortletHotDeployListener:558] 1 portlet for calendar-portlet was unregistered
17:52:58,380 INFO  [localhost-startStop-2][HookHotDeployListener:944] Hook for calendar-portlet was unregistered
17:52:58,390 INFO  [localhost-startStop-2][PluginPackageUtil:1016] Reading plugin package for calendar-portlet
17:52:58,400 INFO  [localhost-startStop-2][HotDeployEvent:130] Plugin ocms-portlet requires marketplace-portlet
17:52:58,400 INFO  [localhost-startStop-2][PortletHotDeployListener:523] Unregistering portlets for ocms-portlet
17:52:58,402 INFO  [localhost-startStop-2][PortletHotDeployListener:563] 2 portlets for ocms-portlet were unregistered
17:52:58,406 INFO  [localhost-startStop-2][PluginPackageUtil:1016] Reading plugin package for ocms-portlet
17:53:26,482 INFO  [localhost-startStop-1][DialectDetector:71] Determine dialect for PostgreSQL 9
17:53:26,551 INFO  [localhost-startStop-1][DialectDetector:136] Found dialect org.hibernate.dialect.PostgreSQLDialect
17:53:58,679 INFO  [localhost-startStop-1][BaseDB:481] Database supports case sensitive queries
17:53:59,149 INFO  [localhost-startStop-1][ServerDetector:166] Server supports hot deploy
17:53:59,155 INFO  [localhost-startStop-1][PluginPackageUtil:1013] Reading plugin package for the root context
17:54:32,664 INFO  [localhost-startStop-1][AutoDeployDir:139] Auto deploy scanner started for E:\ocmsLR\bundle\deploy
17:54:35,325 INFO  [localhost-startStop-1][HotDeployEvent:130] Plugin ocms-portlet requires marketplace-portlet
17:54:35,328 INFO  [localhost-startStop-1][HotDeployImpl:252] Queueing ocms-portlet for deploy because it is missing marketplace-portlet
17:54:40,027 INFO  [localhost-startStop-1][HotDeployEvent:130] Plugin calendar-portlet requires marketplace-portlet
17:54:40,028 INFO  [localhost-startStop-1][HotDeployImpl:252] Queueing calendar-portlet for deploy because it is missing marketplace-portlet
17:54:42,892 INFO  [localhost-startStop-1][HotDeployEvent:130] Plugin kaleo-web requires marketplace-portlet
17:54:42,893 INFO  [localhost-startStop-1][HotDeployImpl:252] Queueing kaleo-web for deploy because it is missing marketplace-portlet
17:54:46,063 INFO  [localhost-startStop-1][HotDeployImpl:198] Deploying marketplace-portlet from queue
17:54:46,065 INFO  [localhost-startStop-1][PluginPackageUtil:1016] Reading plugin package for marketplace-portlet
17:54:47,057 INFO  [localhost-startStop-1][HookHotDeployListener:687] Registering hook for marketplace-portlet
17:54:47,186 INFO  [localhost-startStop-1][HookHotDeployListener:814] Hook for marketplace-portlet is available for use
17:54:47,196 INFO  [localhost-startStop-1][PortletHotDeployListener:343] Registering portlets for marketplace-portlet
17:54:47,613 INFO  [localhost-startStop-1][PortletHotDeployListener:495] 3 portlets for marketplace-portlet are available for use
17:54:47,615 INFO  [localhost-startStop-1][HotDeployImpl:198] Deploying ocms-portlet from queue
17:54:47,615 INFO  [localhost-startStop-1][PluginPackageUtil:1016] Reading plugin package for ocms-portlet
17:54:47,826 INFO  [localhost-startStop-1][ClpSerializer:70] Unable to locate deployment context from portlet properties
17:54:48,129 INFO  [localhost-startStop-1][PortletHotDeployListener:343] Registering portlets for ocms-portlet
17:54:48,283 INFO  [localhost-startStop-1][PortletHotDeployListener:495] 2 portlets for ocms-portlet are available for use
17:54:48,284 INFO  [localhost-startStop-1][HotDeployImpl:198] Deploying calendar-portlet from queue
17:54:48,284 INFO  [localhost-startStop-1][PluginPackageUtil:1016] Reading plugin package for calendar-portlet
17:54:49,553 INFO  [localhost-startStop-1][HookHotDeployListener:687] Registering hook for calendar-portlet
17:54:52,869 INFO  [localhost-startStop-1][HookHotDeployListener:814] Hook for calendar-portlet is available for use
17:54:52,888 INFO  [localhost-startStop-1][PortletHotDeployListener:343] Registering portlets for calendar-portlet
17:54:53,402 INFO  [localhost-startStop-1][PortletHotDeployListener:490] 1 portlet for calendar-portlet is available for use
17:54:53,402 INFO  [localhost-startStop-1][SocialHotDeployListener:94] Registering social for calendar-portlet
17:54:53,404 INFO  [localhost-startStop-1][SocialHotDeployListener:103] Social for calendar-portlet is available for use
17:54:53,404 INFO  [localhost-startStop-1][HotDeployImpl:198] Deploying kaleo-web from queue
17:54:53,404 INFO  [localhost-startStop-1][PluginPackageUtil:1016] Reading plugin package for kaleo-web
17:54:56,599 INFO  [localhost-startStop-1][HookHotDeployListener:687] Registering hook for kaleo-web
17:54:56,666 INFO  [localhost-startStop-1][HookHotDeployListener:814] Hook for kaleo-web is available for use
17:54:58,020 INFO  [localhost-startStop-1][HotDeployEvent:130] Plugin notifications-portlet requires marketplace-portlet
17:54:58,020 INFO  [localhost-startStop-1][HotDeployImpl:198] Deploying notifications-portlet from queue
17:54:58,021 INFO  [localhost-startStop-1][PluginPackageUtil:1016] Reading plugin package for notifications-portlet
17:54:58,262 INFO  [localhost-startStop-1][HookHotDeployListener:687] Registering hook for notifications-portlet
17:54:58,289 INFO  [localhost-startStop-1][HookHotDeployListener:814] Hook for notifications-portlet is available for use
17:54:58,292 INFO  [localhost-startStop-1][PortletHotDeployListener:343] Registering portlets for notifications-portlet
17:54:58,563 INFO  [localhost-startStop-1][PortletHotDeployListener:495] 2 portlets for notifications-portlet are available for use
17:55:01,375 INFO  [localhost-startStop-1][HotDeployEvent:130] Plugin opensocial-portlet requires marketplace-portlet
17:55:01,375 INFO  [localhost-startStop-1][HotDeployImpl:198] Deploying opensocial-portlet from queue
17:55:01,376 INFO  [localhost-startStop-1][PluginPackageUtil:1016] Reading plugin package for opensocial-portlet
17:55:02,910 INFO  [localhost-startStop-1][HookHotDeployListener:687] Registering hook for opensocial-portlet
17:55:02,917 INFO  [localhost-startStop-1][HookHotDeployListener:814] Hook for opensocial-portlet is available for use
17:55:02,924 INFO  [localhost-startStop-1][PortletHotDeployListener:343] Registering portlets for opensocial-portlet
17:55:03,520 INFO  [localhost-startStop-1][PortletHotDeployListener:495] 4 portlets for opensocial-portlet are available for use
17:55:05,708 INFO  [localhost-startStop-1][HotDeployEvent:130] Plugin resources-importer-web requires marketplace-portlet
17:55:05,709 INFO  [localhost-startStop-1][HotDeployImpl:198] Deploying resources-importer-web from queue
17:55:05,709 INFO  [localhost-startStop-1][PluginPackageUtil:1016] Reading plugin package for resources-importer-web
17:55:07,157 INFO  [localhost-startStop-1][HotDeployEvent:130] Plugin sync-web requires marketplace-portlet
17:55:07,157 INFO  [localhost-startStop-1][HotDeployImpl:198] Deploying sync-web from queue
17:55:07,158 INFO  [localhost-startStop-1][PluginPackageUtil:1016] Reading plugin package for sync-web
17:55:08,820 INFO  [localhost-startStop-1][HotDeployEvent:130] Plugin web-form-portlet requires marketplace-portlet
17:55:08,820 INFO  [localhost-startStop-1][HotDeployImpl:198] Deploying web-form-portlet from queue
17:55:08,820 INFO  [localhost-startStop-1][PluginPackageUtil:1016] Reading plugin package for web-form-portlet
17:55:09,051 INFO  [localhost-startStop-1][PortletHotDeployListener:343] Registering portlets for web-form-portlet
17:55:09,222 INFO  [localhost-startStop-1][PortletHotDeployListener:490] 1 portlet for web-form-portlet is available for use
17:55:10,124 INFO  [localhost-startStop-1][HotDeployEvent:130] Plugin welcome-theme requires marketplace-portlet, resources-importer-web
17:55:10,125 INFO  [localhost-startStop-1][HotDeployImpl:198] Deploying welcome-theme from queue
17:55:10,125 INFO  [localhost-startStop-1][PluginPackageUtil:1016] Reading plugin package for welcome-theme
17:55:10,344 INFO  [localhost-startStop-1][ThemeHotDeployListener:97] Registering themes for welcome-theme
17:55:10,996 INFO  [localhost-startStop-1][ThemeHotDeployListener:110] 1 theme for welcome-theme is available for use
17:55:26,488 INFO  [liferay/hot_deploy-1][ResourcesImporterHotDeployMessageListener:212] Group or layout set prototype already exists for company liferay.com
