Jan 08, 2015 4:25:11 PM org.apache.catalina.core.AprLifecycleListener init
INFO: The APR based Apache Tomcat Native library which allows optimal performance in production environments was not found on the java.library.path: C:\Program Files\Java\jdk1.7.0_51\bin;C:\windows\Sun\Java\bin;C:\windows\system32;C:\windows;C:\Program Files\Java\jdk1.7.0_51\jre\bin;C:\Perl64\site\bin;C:\Perl64\bin;C:\windows\system32;C:\windows;C:\windows\System32\Wbem;C:\windows\System32\WindowsPowerShell\v1.0\;C:\Program Files\WIDCOMM\Bluetooth Software\;C:\Program Files\WIDCOMM\Bluetooth Software\syswow64;C:\Program Files (x86)\Intel\OpenCL SDK\2.0\bin\x86;C:\Program Files (x86)\Intel\OpenCL SDK\2.0\bin\x64;C:\Program Files\nodejs\;C:\Perl64\site\bin;C:\Perl64\bin;C:\windows\system32;C:\windows;C:\windows\System32\Wbem;C:\windows\System32\WindowsPowerShell\v1.0\;C:\Program Files\WIDCOMM\Bluetooth Software\;C:\Program Files\WIDCOMM\Bluetooth Software\syswow64;C:\Program Files (x86)\Intel\OpenCL SDK\2.0\bin\x86;C:\Program Files (x86)\Intel\OpenCL SDK\2.0\bin\x64;C:\Program Files\nodejs\;e:\xampp\perl\site\bin;x:\xampp\perl\bin;e:\xampp\php;e:\xampp\php\pear;e:\xampp\php\pear\symfony;e:\xampp\mysql\bin;C:\Program Files\PostgreSQL\9.1\bin;C:\Program Files\apache-ant-1.7.1\bin;E:\np\Python27;E:\np\Python27\Tools\Scripts;E:\apache-maven-3.2.1/bin;C:\Program Files (x86)\SSH Communications Security\SSH Secure Shell;C:\Program Files\Java\jdk1.7.0\bin;C:\Program Files (x86)\Microsoft Visual Studio 9.0\VC\bin;C:\Users\doraraj\AppData\Roaming\npm;C:\pgsql931\bin;.
Jan 08, 2015 4:25:11 PM org.apache.coyote.AbstractProtocol init
INFO: Initializing ProtocolHandler ["http-bio-8080"]
Jan 08, 2015 4:25:11 PM org.apache.coyote.AbstractProtocol init
INFO: Initializing ProtocolHandler ["ajp-bio-8009"]
Jan 08, 2015 4:25:11 PM org.apache.catalina.startup.Catalina load
INFO: Initialization processed in 1028 ms
Jan 08, 2015 4:25:11 PM org.apache.catalina.core.StandardService startInternal
INFO: Starting service Catalina
Jan 08, 2015 4:25:11 PM org.apache.catalina.core.StandardEngine startInternal
INFO: Starting Servlet Engine: Apache Tomcat/7.0.42
Jan 08, 2015 4:25:11 PM org.apache.catalina.startup.HostConfig deployDescriptor
INFO: Deploying configuration descriptor E:\ocmsLR\bundle\tomcat-7.0.42\conf\Catalina\localhost\ROOT.xml
Jan 08, 2015 4:27:52 PM org.apache.catalina.startup.HostConfig deployDirectory
INFO: Deploying web application directory E:\ocmsLR\bundle\tomcat-7.0.42\webapps\calendar-portlet
Jan 08, 2015 4:27:55 PM org.apache.catalina.startup.HostConfig deployDirectory
INFO: Deploying web application directory E:\ocmsLR\bundle\tomcat-7.0.42\webapps\kaleo-web
Jan 08, 2015 4:27:57 PM org.apache.catalina.startup.HostConfig deployDirectory
INFO: Deploying web application directory E:\ocmsLR\bundle\tomcat-7.0.42\webapps\notifications-portlet
Jan 08, 2015 4:27:58 PM org.apache.catalina.startup.HostConfig deployDirectory
INFO: Deploying web application directory E:\ocmsLR\bundle\tomcat-7.0.42\webapps\ocms-portlet
Jan 08, 2015 4:27:59 PM org.apache.catalina.startup.HostConfig deployDirectory
INFO: Deploying web application directory E:\ocmsLR\bundle\tomcat-7.0.42\webapps\opensocial-portlet
Jan 08, 2015 4:28:02 PM org.apache.catalina.startup.HostConfig deployDirectory
INFO: Deploying web application directory E:\ocmsLR\bundle\tomcat-7.0.42\webapps\resources-importer-web
Jan 08, 2015 4:28:03 PM org.apache.catalina.startup.HostConfig deployDirectory
INFO: Deploying web application directory E:\ocmsLR\bundle\tomcat-7.0.42\webapps\sync-web
Jan 08, 2015 4:28:04 PM org.apache.catalina.startup.HostConfig deployDirectory
INFO: Deploying web application directory E:\ocmsLR\bundle\tomcat-7.0.42\webapps\web-form-portlet
Jan 08, 2015 4:28:05 PM org.apache.catalina.startup.HostConfig deployDirectory
INFO: Deploying web application directory E:\ocmsLR\bundle\tomcat-7.0.42\webapps\welcome-theme
Jan 08, 2015 4:28:06 PM org.apache.coyote.AbstractProtocol start
INFO: Starting ProtocolHandler ["http-bio-8080"]
Jan 08, 2015 4:28:06 PM org.apache.coyote.AbstractProtocol start
INFO: Starting ProtocolHandler ["ajp-bio-8009"]
Jan 08, 2015 4:28:06 PM org.apache.catalina.startup.Catalina start
INFO: Server startup in 175073 ms
Jan 08, 2015 4:32:46 PM org.apache.catalina.startup.HostConfig deployDirectory
INFO: Deploying web application directory E:\ocmsLR\bundle\tomcat-7.0.42\webapps\marketplace-portlet
Jan 08, 2015 4:33:12 PM org.apache.shindig.config.JsonContainerConfig loadContainers
INFO: Loading resources from: containers/default/container.js
Jan 08, 2015 4:33:12 PM org.apache.shindig.config.JsonContainerConfig loadResources
INFO: Reading container config: containers/default/container.js
Jan 08, 2015 4:33:13 PM org.apache.shindig.gadgets.features.FeatureRegistry register
INFO: Loading resources from: res:features-extras/features.txt
Jan 08, 2015 4:33:13 PM org.apache.shindig.common.xml.XmlUtil <clinit>
INFO: Reusing document builders
Jan 08, 2015 4:33:18 PM org.apache.shindig.gadgets.features.FeatureRegistry register
INFO: Loading resources from: res:features/features.txt
Jan 08, 2015 4:33:32 PM org.apache.shindig.gadgets.servlet.CajaContentRewriter <init>
INFO: Cajoled cache createdorg.apache.shindig.common.cache.ehcache.EhConfiguredCache@64fc29f7
Jan 08, 2015 4:33:32 PM org.apache.shindig.gadgets.servlet.CajaContentRewriter <init>
INFO: Cajoled cache createdorg.apache.shindig.common.cache.ehcache.EhConfiguredCache@64fc29f7
Jan 08, 2015 4:33:32 PM org.apache.shindig.gadgets.oauth.OAuthModule$OAuthCrypterProvider <init>
INFO: Using random key for OAuth client-side state encryption
Jan 08, 2015 4:33:45 PM org.apache.catalina.startup.HostConfig checkResources
INFO: Reloading context [/ocms-portlet]
Jan 08, 2015 4:33:45 PM org.apache.catalina.core.StandardContext reload
INFO: Reloading Context with name [/ocms-portlet] has started
Jan 08, 2015 4:33:47 PM org.apache.catalina.core.StandardContext reload
INFO: Reloading Context with name [/ocms-portlet] is completed
Jan 08, 2015 4:33:57 PM org.apache.catalina.core.AprLifecycleListener init
INFO: The APR based Apache Tomcat Native library which allows optimal performance in production environments was not found on the java.library.path: C:\Program Files\Java\jdk1.7.0_51\bin;C:\windows\Sun\Java\bin;C:\windows\system32;C:\windows;C:\Program Files\Java\jdk1.7.0_51\jre\bin;C:\Perl64\site\bin;C:\Perl64\bin;C:\windows\system32;C:\windows;C:\windows\System32\Wbem;C:\windows\System32\WindowsPowerShell\v1.0\;C:\Program Files\WIDCOMM\Bluetooth Software\;C:\Program Files\WIDCOMM\Bluetooth Software\syswow64;C:\Program Files (x86)\Intel\OpenCL SDK\2.0\bin\x86;C:\Program Files (x86)\Intel\OpenCL SDK\2.0\bin\x64;C:\Program Files\nodejs\;C:\Perl64\site\bin;C:\Perl64\bin;C:\windows\system32;C:\windows;C:\windows\System32\Wbem;C:\windows\System32\WindowsPowerShell\v1.0\;C:\Program Files\WIDCOMM\Bluetooth Software\;C:\Program Files\WIDCOMM\Bluetooth Software\syswow64;C:\Program Files (x86)\Intel\OpenCL SDK\2.0\bin\x86;C:\Program Files (x86)\Intel\OpenCL SDK\2.0\bin\x64;C:\Program Files\nodejs\;e:\xampp\perl\site\bin;x:\xampp\perl\bin;e:\xampp\php;e:\xampp\php\pear;e:\xampp\php\pear\symfony;e:\xampp\mysql\bin;C:\Program Files\PostgreSQL\9.1\bin;C:\Program Files\apache-ant-1.7.1\bin;E:\np\Python27;E:\np\Python27\Tools\Scripts;E:\apache-maven-3.2.1/bin;C:\Program Files (x86)\SSH Communications Security\SSH Secure Shell;C:\Program Files\Java\jdk1.7.0\bin;C:\Program Files (x86)\Microsoft Visual Studio 9.0\VC\bin;C:\Users\doraraj\AppData\Roaming\npm;C:\pgsql931\bin;.
Jan 08, 2015 4:33:57 PM org.apache.coyote.AbstractProtocol init
INFO: Initializing ProtocolHandler ["http-bio-8080"]
Jan 08, 2015 4:33:57 PM org.apache.coyote.AbstractProtocol init
INFO: Initializing ProtocolHandler ["ajp-bio-8009"]
Jan 08, 2015 4:33:57 PM org.apache.catalina.startup.Catalina load
INFO: Initialization processed in 928 ms
Jan 08, 2015 4:33:57 PM org.apache.catalina.core.StandardService startInternal
INFO: Starting service Catalina
Jan 08, 2015 4:33:57 PM org.apache.catalina.core.StandardEngine startInternal
INFO: Starting Servlet Engine: Apache Tomcat/7.0.42
Jan 08, 2015 4:33:57 PM org.apache.catalina.startup.HostConfig deployDescriptor
INFO: Deploying configuration descriptor E:\ocmsLR\bundle\tomcat-7.0.42\conf\Catalina\localhost\ocms-portlet.xml
Jan 08, 2015 4:33:57 PM org.apache.catalina.startup.HostConfig deployDescriptor
WARNING: A docBase E:\ocmsLR\bundle\tomcat-7.0.42\webapps\ocms-portlet inside the host appBase has been specified, and will be ignored
Jan 08, 2015 4:33:57 PM org.apache.catalina.startup.SetContextPropertiesRule begin
WARNING: [SetContextPropertiesRule]{Context} Setting property 'source' to 'org.eclipse.jst.jee.server:ocms-portlet' did not find a matching property.
Jan 08, 2015 4:34:00 PM org.apache.catalina.startup.HostConfig deployDescriptor
INFO: Deploying configuration descriptor E:\ocmsLR\bundle\tomcat-7.0.42\conf\Catalina\localhost\ROOT.xml
Jan 08, 2015 4:35:46 PM org.apache.catalina.startup.HostConfig deployDirectory
INFO: Deploying web application directory E:\ocmsLR\bundle\tomcat-7.0.42\webapps\calendar-portlet
Jan 08, 2015 4:35:49 PM org.apache.catalina.startup.HostConfig deployDirectory
INFO: Deploying web application directory E:\ocmsLR\bundle\tomcat-7.0.42\webapps\kaleo-web
Jan 08, 2015 4:35:53 PM org.apache.catalina.startup.HostConfig deployDirectory
INFO: Deploying web application directory E:\ocmsLR\bundle\tomcat-7.0.42\webapps\marketplace-portlet
Jan 08, 2015 4:36:08 PM org.apache.catalina.startup.HostConfig deployDirectory
INFO: Deploying web application directory E:\ocmsLR\bundle\tomcat-7.0.42\webapps\notifications-portlet
Jan 08, 2015 4:36:09 PM org.apache.catalina.startup.HostConfig deployDirectory
INFO: Deploying web application directory E:\ocmsLR\bundle\tomcat-7.0.42\webapps\opensocial-portlet
Jan 08, 2015 4:36:16 PM org.apache.catalina.startup.HostConfig deployDirectory
INFO: Deploying web application directory E:\ocmsLR\bundle\tomcat-7.0.42\webapps\resources-importer-web
Jan 08, 2015 4:36:17 PM org.apache.catalina.startup.HostConfig deployDirectory
INFO: Deploying web application directory E:\ocmsLR\bundle\tomcat-7.0.42\webapps\sync-web
Jan 08, 2015 4:36:18 PM org.apache.shindig.config.JsonContainerConfig loadContainers
INFO: Loading resources from: containers/default/container.js
Jan 08, 2015 4:36:18 PM org.apache.shindig.config.JsonContainerConfig loadResources
INFO: Reading container config: containers/default/container.js
Jan 08, 2015 4:36:18 PM org.apache.shindig.gadgets.features.FeatureRegistry register
INFO: Loading resources from: res:features-extras/features.txt
Jan 08, 2015 4:36:18 PM org.apache.shindig.common.xml.XmlUtil <clinit>
INFO: Reusing document builders
Jan 08, 2015 4:36:20 PM org.apache.catalina.startup.HostConfig deployDirectory
INFO: Deploying web application directory E:\ocmsLR\bundle\tomcat-7.0.42\webapps\web-form-portlet
Jan 08, 2015 4:36:22 PM org.apache.catalina.startup.HostConfig deployDirectory
INFO: Deploying web application directory E:\ocmsLR\bundle\tomcat-7.0.42\webapps\welcome-theme
Jan 08, 2015 4:36:22 PM org.apache.shindig.gadgets.features.FeatureRegistry register
INFO: Loading resources from: res:features/features.txt
Jan 08, 2015 4:36:23 PM org.apache.coyote.AbstractProtocol start
INFO: Starting ProtocolHandler ["http-bio-8080"]
Jan 08, 2015 4:36:23 PM org.apache.coyote.AbstractProtocol start
INFO: Starting ProtocolHandler ["ajp-bio-8009"]
Jan 08, 2015 4:36:23 PM org.apache.catalina.startup.Catalina start
INFO: Server startup in 146165 ms
Jan 08, 2015 4:36:27 PM org.apache.shindig.gadgets.servlet.CajaContentRewriter <init>
INFO: Cajoled cache createdorg.apache.shindig.common.cache.ehcache.EhConfiguredCache@6b8f17f4
Jan 08, 2015 4:36:27 PM org.apache.shindig.gadgets.servlet.CajaContentRewriter <init>
INFO: Cajoled cache createdorg.apache.shindig.common.cache.ehcache.EhConfiguredCache@6b8f17f4
Jan 08, 2015 4:36:27 PM org.apache.shindig.gadgets.oauth.OAuthModule$OAuthCrypterProvider <init>
INFO: Using random key for OAuth client-side state encryption
Jan 08, 2015 4:46:34 PM org.apache.catalina.core.StandardContext reload
INFO: Reloading Context with name [/ocms-portlet] has started
Jan 08, 2015 4:46:37 PM org.apache.catalina.core.StandardContext reload
INFO: Reloading Context with name [/ocms-portlet] is completed
Jan 08, 2015 4:47:25 PM org.apache.catalina.core.StandardServer await
INFO: A valid shutdown command was received via the shutdown port. Stopping the Server instance.
Jan 08, 2015 4:47:25 PM org.apache.coyote.AbstractProtocol pause
INFO: Pausing ProtocolHandler ["http-bio-8080"]
Jan 08, 2015 4:47:25 PM org.apache.coyote.AbstractProtocol pause
INFO: Pausing ProtocolHandler ["ajp-bio-8009"]
Jan 08, 2015 4:47:25 PM org.apache.catalina.core.StandardService stopInternal
INFO: Stopping service Catalina
Jan 08, 2015 4:47:27 PM org.apache.catalina.loader.WebappClassLoader clearReferencesThreads
SEVERE: The web application [] appears to have started a thread named [org.python.google.common.base.internal.Finalizer] but has failed to stop it. This is very likely to create a memory leak.
Jan 08, 2015 4:47:27 PM org.apache.catalina.loader.WebappClassLoader clearReferencesThreads
SEVERE: The web application [] appears to have started a thread named [ReferenceReaper] but has failed to stop it. This is very likely to create a memory leak.
Jan 08, 2015 4:47:27 PM org.apache.catalina.loader.WebappClassLoader clearReferencesThreads
SEVERE: The web application [] appears to have started a thread named [Thread-42] but has failed to stop it. This is very likely to create a memory leak.
Jan 08, 2015 4:47:27 PM org.apache.catalina.loader.WebappClassLoader clearReferencesThreads
SEVERE: The web application [] appears to have started a thread named [Thread-43] but has failed to stop it. This is very likely to create a memory leak.
Jan 08, 2015 4:47:30 PM org.apache.coyote.AbstractProtocol stop
INFO: Stopping ProtocolHandler ["http-bio-8080"]
Jan 08, 2015 4:47:30 PM org.apache.coyote.AbstractProtocol stop
INFO: Stopping ProtocolHandler ["ajp-bio-8009"]
Jan 08, 2015 4:47:30 PM org.apache.coyote.AbstractProtocol destroy
INFO: Destroying ProtocolHandler ["http-bio-8080"]
Jan 08, 2015 4:47:30 PM org.apache.coyote.AbstractProtocol destroy
INFO: Destroying ProtocolHandler ["ajp-bio-8009"]
Jan 08, 2015 4:47:31 PM org.apache.catalina.core.AprLifecycleListener init
INFO: The APR based Apache Tomcat Native library which allows optimal performance in production environments was not found on the java.library.path: C:\Program Files\Java\jdk1.7.0_51\bin;C:\windows\Sun\Java\bin;C:\windows\system32;C:\windows;C:\Perl64\site\bin;C:\Perl64\bin;C:\windows\system32;C:\windows;C:\windows\System32\Wbem;C:\windows\System32\WindowsPowerShell\v1.0\;C:\Program Files\WIDCOMM\Bluetooth Software\;C:\Program Files\WIDCOMM\Bluetooth Software\syswow64;C:\Program Files (x86)\Intel\OpenCL SDK\2.0\bin\x86;C:\Program Files (x86)\Intel\OpenCL SDK\2.0\bin\x64;C:\Program Files\nodejs\;C:\Perl64\site\bin;C:\Perl64\bin;C:\windows\system32;C:\windows;C:\windows\System32\Wbem;C:\windows\System32\WindowsPowerShell\v1.0\;C:\Program Files\WIDCOMM\Bluetooth Software\;C:\Program Files\WIDCOMM\Bluetooth Software\syswow64;C:\Program Files (x86)\Intel\OpenCL SDK\2.0\bin\x86;C:\Program Files (x86)\Intel\OpenCL SDK\2.0\bin\x64;C:\Program Files\nodejs\;e:\xampp\perl\site\bin;x:\xampp\perl\bin;e:\xampp\php;e:\xampp\php\pear;e:\xampp\php\pear\symfony;e:\xampp\mysql\bin;C:\Program Files\PostgreSQL\9.1\bin;C:\Program Files\apache-ant-1.7.1\bin;E:\np\Python27;E:\np\Python27\Tools\Scripts;E:\apache-maven-3.2.1/bin;C:\Program Files (x86)\SSH Communications Security\SSH Secure Shell;C:\Program Files\Java\jdk1.7.0\bin;C:\Program Files (x86)\Microsoft Visual Studio 9.0\VC\bin;C:\Users\doraraj\AppData\Roaming\npm;C:\pgsql931\bin;.
Jan 08, 2015 4:47:32 PM org.apache.coyote.AbstractProtocol init
INFO: Initializing ProtocolHandler ["http-bio-8080"]
Jan 08, 2015 4:47:32 PM org.apache.coyote.AbstractProtocol init
INFO: Initializing ProtocolHandler ["ajp-bio-8009"]
Jan 08, 2015 4:47:32 PM org.apache.catalina.startup.Catalina load
INFO: Initialization processed in 969 ms
Jan 08, 2015 4:47:32 PM org.apache.catalina.core.StandardService startInternal
INFO: Starting service Catalina
Jan 08, 2015 4:47:32 PM org.apache.catalina.core.StandardEngine startInternal
INFO: Starting Servlet Engine: Apache Tomcat/7.0.42
Jan 08, 2015 4:47:32 PM org.apache.catalina.startup.HostConfig deployDescriptor
INFO: Deploying configuration descriptor E:\ocmsLR\bundle\tomcat-7.0.42\conf\Catalina\localhost\ocms-portlet.xml
Jan 08, 2015 4:47:32 PM org.apache.catalina.startup.HostConfig deployDescriptor
WARNING: A docBase E:\ocmsLR\bundle\tomcat-7.0.42\webapps\ocms-portlet inside the host appBase has been specified, and will be ignored
Jan 08, 2015 4:47:32 PM org.apache.catalina.startup.SetContextPropertiesRule begin
WARNING: [SetContextPropertiesRule]{Context} Setting property 'source' to 'org.eclipse.jst.jee.server:ocms-portlet' did not find a matching property.
Jan 08, 2015 4:47:35 PM org.apache.catalina.startup.HostConfig deployDescriptor
INFO: Deploying configuration descriptor E:\ocmsLR\bundle\tomcat-7.0.42\conf\Catalina\localhost\ROOT.xml
Jan 08, 2015 4:49:07 PM org.apache.catalina.startup.HostConfig deployDirectory
INFO: Deploying web application directory E:\ocmsLR\bundle\tomcat-7.0.42\webapps\calendar-portlet
Jan 08, 2015 4:49:09 PM org.apache.catalina.startup.HostConfig deployDirectory
INFO: Deploying web application directory E:\ocmsLR\bundle\tomcat-7.0.42\webapps\kaleo-web
Jan 08, 2015 4:49:12 PM org.apache.catalina.startup.HostConfig deployDirectory
INFO: Deploying web application directory E:\ocmsLR\bundle\tomcat-7.0.42\webapps\marketplace-portlet
Jan 08, 2015 4:49:24 PM org.apache.catalina.startup.HostConfig deployDirectory
INFO: Deploying web application directory E:\ocmsLR\bundle\tomcat-7.0.42\webapps\notifications-portlet
Jan 08, 2015 4:49:26 PM org.apache.catalina.startup.HostConfig deployDirectory
INFO: Deploying web application directory E:\ocmsLR\bundle\tomcat-7.0.42\webapps\opensocial-portlet
Jan 08, 2015 4:49:33 PM org.apache.catalina.startup.HostConfig deployDirectory
INFO: Deploying web application directory E:\ocmsLR\bundle\tomcat-7.0.42\webapps\resources-importer-web
Jan 08, 2015 4:49:34 PM org.apache.shindig.config.JsonContainerConfig loadContainers
INFO: Loading resources from: containers/default/container.js
Jan 08, 2015 4:49:34 PM org.apache.shindig.config.JsonContainerConfig loadResources
INFO: Reading container config: containers/default/container.js
Jan 08, 2015 4:49:34 PM org.apache.catalina.startup.HostConfig deployDirectory
INFO: Deploying web application directory E:\ocmsLR\bundle\tomcat-7.0.42\webapps\sync-web
Jan 08, 2015 4:49:34 PM org.apache.shindig.gadgets.features.FeatureRegistry register
INFO: Loading resources from: res:features-extras/features.txt
Jan 08, 2015 4:49:35 PM org.apache.shindig.common.xml.XmlUtil <clinit>
INFO: Reusing document builders
Jan 08, 2015 4:49:36 PM org.apache.catalina.startup.HostConfig deployDirectory
INFO: Deploying web application directory E:\ocmsLR\bundle\tomcat-7.0.42\webapps\web-form-portlet
Jan 08, 2015 4:49:37 PM org.apache.catalina.startup.HostConfig deployDirectory
INFO: Deploying web application directory E:\ocmsLR\bundle\tomcat-7.0.42\webapps\welcome-theme
Jan 08, 2015 4:49:39 PM org.apache.coyote.AbstractProtocol start
INFO: Starting ProtocolHandler ["http-bio-8080"]
Jan 08, 2015 4:49:39 PM org.apache.coyote.AbstractProtocol start
INFO: Starting ProtocolHandler ["ajp-bio-8009"]
Jan 08, 2015 4:49:39 PM org.apache.catalina.startup.Catalina start
INFO: Server startup in 127093 ms
Jan 08, 2015 4:49:39 PM org.apache.shindig.gadgets.features.FeatureRegistry register
INFO: Loading resources from: res:features/features.txt
Jan 08, 2015 4:49:55 PM org.apache.shindig.gadgets.servlet.CajaContentRewriter <init>
INFO: Cajoled cache createdorg.apache.shindig.common.cache.ehcache.EhConfiguredCache@6c8b68d
Jan 08, 2015 4:49:55 PM org.apache.shindig.gadgets.servlet.CajaContentRewriter <init>
INFO: Cajoled cache createdorg.apache.shindig.common.cache.ehcache.EhConfiguredCache@6c8b68d
Jan 08, 2015 4:49:55 PM org.apache.shindig.gadgets.oauth.OAuthModule$OAuthCrypterProvider <init>
INFO: Using random key for OAuth client-side state encryption
Jan 08, 2015 4:53:49 PM org.apache.catalina.core.StandardContext reload
INFO: Reloading Context with name [/ocms-portlet] has started
Jan 08, 2015 4:53:51 PM org.apache.catalina.core.StandardContext reload
INFO: Reloading Context with name [/ocms-portlet] is completed
Jan 08, 2015 5:40:01 PM org.apache.catalina.core.AprLifecycleListener init
INFO: The APR based Apache Tomcat Native library which allows optimal performance in production environments was not found on the java.library.path: C:\Program Files\Java\jdk1.7.0_51\bin;C:\windows\Sun\Java\bin;C:\windows\system32;C:\windows;C:\Perl64\site\bin;C:\Perl64\bin;C:\windows\system32;C:\windows;C:\windows\System32\Wbem;C:\windows\System32\WindowsPowerShell\v1.0\;C:\Program Files\WIDCOMM\Bluetooth Software\;C:\Program Files\WIDCOMM\Bluetooth Software\syswow64;C:\Program Files (x86)\Intel\OpenCL SDK\2.0\bin\x86;C:\Program Files (x86)\Intel\OpenCL SDK\2.0\bin\x64;C:\Program Files\nodejs\;C:\Perl64\site\bin;C:\Perl64\bin;C:\windows\system32;C:\windows;C:\windows\System32\Wbem;C:\windows\System32\WindowsPowerShell\v1.0\;C:\Program Files\WIDCOMM\Bluetooth Software\;C:\Program Files\WIDCOMM\Bluetooth Software\syswow64;C:\Program Files (x86)\Intel\OpenCL SDK\2.0\bin\x86;C:\Program Files (x86)\Intel\OpenCL SDK\2.0\bin\x64;C:\Program Files\nodejs\;e:\xampp\perl\site\bin;x:\xampp\perl\bin;e:\xampp\php;e:\xampp\php\pear;e:\xampp\php\pear\symfony;e:\xampp\mysql\bin;C:\Program Files\PostgreSQL\9.1\bin;C:\Program Files\apache-ant-1.7.1\bin;E:\np\Python27;E:\np\Python27\Tools\Scripts;E:\apache-maven-3.2.1/bin;C:\Program Files (x86)\SSH Communications Security\SSH Secure Shell;C:\Program Files\Java\jdk1.7.0\bin;C:\Program Files (x86)\Microsoft Visual Studio 9.0\VC\bin;C:\Users\doraraj\AppData\Roaming\npm;C:\pgsql931\bin;.
Jan 08, 2015 5:40:01 PM org.apache.coyote.AbstractProtocol init
INFO: Initializing ProtocolHandler ["http-bio-8080"]
Jan 08, 2015 5:40:01 PM org.apache.coyote.AbstractProtocol init
INFO: Initializing ProtocolHandler ["ajp-bio-8009"]
Jan 08, 2015 5:40:01 PM org.apache.catalina.startup.Catalina load
INFO: Initialization processed in 996 ms
Jan 08, 2015 5:40:01 PM org.apache.catalina.core.StandardService startInternal
INFO: Starting service Catalina
Jan 08, 2015 5:40:01 PM org.apache.catalina.core.StandardEngine startInternal
INFO: Starting Servlet Engine: Apache Tomcat/7.0.42
Jan 08, 2015 5:40:01 PM org.apache.catalina.startup.HostConfig deployDescriptor
INFO: Deploying configuration descriptor E:\ocmsLR\bundle\tomcat-7.0.42\conf\Catalina\localhost\ocms-portlet.xml
Jan 08, 2015 5:40:01 PM org.apache.catalina.startup.HostConfig deployDescriptor
WARNING: A docBase E:\ocmsLR\bundle\tomcat-7.0.42\webapps\ocms-portlet inside the host appBase has been specified, and will be ignored
Jan 08, 2015 5:40:01 PM org.apache.catalina.startup.SetContextPropertiesRule begin
WARNING: [SetContextPropertiesRule]{Context} Setting property 'source' to 'org.eclipse.jst.jee.server:ocms-portlet' did not find a matching property.
Jan 08, 2015 5:40:04 PM org.apache.catalina.startup.HostConfig deployDescriptor
INFO: Deploying configuration descriptor E:\ocmsLR\bundle\tomcat-7.0.42\conf\Catalina\localhost\ROOT.xml
Jan 08, 2015 5:41:33 PM org.apache.catalina.startup.HostConfig deployDirectory
INFO: Deploying web application directory E:\ocmsLR\bundle\tomcat-7.0.42\webapps\calendar-portlet
Jan 08, 2015 5:41:36 PM org.apache.catalina.startup.HostConfig deployDirectory
INFO: Deploying web application directory E:\ocmsLR\bundle\tomcat-7.0.42\webapps\kaleo-web
Jan 08, 2015 5:41:39 PM org.apache.catalina.startup.HostConfig deployDirectory
INFO: Deploying web application directory E:\ocmsLR\bundle\tomcat-7.0.42\webapps\marketplace-portlet
Jan 08, 2015 5:41:50 PM org.apache.catalina.startup.HostConfig deployDirectory
INFO: Deploying web application directory E:\ocmsLR\bundle\tomcat-7.0.42\webapps\notifications-portlet
Jan 08, 2015 5:41:54 PM org.apache.catalina.startup.HostConfig deployDirectory
INFO: Deploying web application directory E:\ocmsLR\bundle\tomcat-7.0.42\webapps\opensocial-portlet
Jan 08, 2015 5:42:00 PM org.apache.catalina.startup.HostConfig deployDirectory
INFO: Deploying web application directory E:\ocmsLR\bundle\tomcat-7.0.42\webapps\resources-importer-web
Jan 08, 2015 5:42:01 PM org.apache.shindig.config.JsonContainerConfig loadContainers
INFO: Loading resources from: containers/default/container.js
Jan 08, 2015 5:42:01 PM org.apache.shindig.config.JsonContainerConfig loadResources
INFO: Reading container config: containers/default/container.js
Jan 08, 2015 5:42:02 PM org.apache.catalina.startup.HostConfig deployDirectory
INFO: Deploying web application directory E:\ocmsLR\bundle\tomcat-7.0.42\webapps\sync-web
Jan 08, 2015 5:42:02 PM org.apache.shindig.gadgets.features.FeatureRegistry register
INFO: Loading resources from: res:features-extras/features.txt
Jan 08, 2015 5:42:02 PM org.apache.shindig.common.xml.XmlUtil <clinit>
INFO: Reusing document builders
Jan 08, 2015 5:42:05 PM org.apache.shindig.gadgets.features.FeatureRegistry register
INFO: Loading resources from: res:features/features.txt
Jan 08, 2015 5:42:05 PM org.apache.catalina.startup.HostConfig deployDirectory
INFO: Deploying web application directory E:\ocmsLR\bundle\tomcat-7.0.42\webapps\web-form-portlet
Jan 08, 2015 5:42:07 PM org.apache.catalina.startup.HostConfig deployDirectory
INFO: Deploying web application directory E:\ocmsLR\bundle\tomcat-7.0.42\webapps\welcome-theme
Jan 08, 2015 5:42:08 PM org.apache.coyote.AbstractProtocol start
INFO: Starting ProtocolHandler ["http-bio-8080"]
Jan 08, 2015 5:42:08 PM org.apache.coyote.AbstractProtocol start
INFO: Starting ProtocolHandler ["ajp-bio-8009"]
Jan 08, 2015 5:42:08 PM org.apache.catalina.startup.Catalina start
INFO: Server startup in 126949 ms
Jan 08, 2015 5:42:09 PM org.apache.shindig.gadgets.servlet.CajaContentRewriter <init>
INFO: Cajoled cache createdorg.apache.shindig.common.cache.ehcache.EhConfiguredCache@7cc372b5
Jan 08, 2015 5:42:09 PM org.apache.shindig.gadgets.servlet.CajaContentRewriter <init>
INFO: Cajoled cache createdorg.apache.shindig.common.cache.ehcache.EhConfiguredCache@7cc372b5
Jan 08, 2015 5:42:09 PM org.apache.shindig.gadgets.oauth.OAuthModule$OAuthCrypterProvider <init>
INFO: Using random key for OAuth client-side state encryption
Jan 08, 2015 5:52:57 PM org.apache.catalina.core.StandardServer await
INFO: A valid shutdown command was received via the shutdown port. Stopping the Server instance.
Jan 08, 2015 5:52:57 PM org.apache.coyote.AbstractProtocol pause
INFO: Pausing ProtocolHandler ["http-bio-8080"]
Jan 08, 2015 5:52:57 PM org.apache.coyote.AbstractProtocol pause
INFO: Pausing ProtocolHandler ["ajp-bio-8009"]
Jan 08, 2015 5:52:57 PM org.apache.catalina.core.StandardService stopInternal
INFO: Stopping service Catalina
Jan 08, 2015 5:52:59 PM org.apache.catalina.loader.WebappClassLoader clearReferencesThreads
SEVERE: The web application [] appears to have started a thread named [org.python.google.common.base.internal.Finalizer] but has failed to stop it. This is very likely to create a memory leak.
Jan 08, 2015 5:52:59 PM org.apache.catalina.loader.WebappClassLoader clearReferencesThreads
SEVERE: The web application [] appears to have started a thread named [ReferenceReaper] but has failed to stop it. This is very likely to create a memory leak.
Jan 08, 2015 5:53:03 PM org.apache.coyote.AbstractProtocol stop
INFO: Stopping ProtocolHandler ["http-bio-8080"]
Jan 08, 2015 5:53:03 PM org.apache.coyote.AbstractProtocol stop
INFO: Stopping ProtocolHandler ["ajp-bio-8009"]
Jan 08, 2015 5:53:03 PM org.apache.coyote.AbstractProtocol destroy
INFO: Destroying ProtocolHandler ["http-bio-8080"]
Jan 08, 2015 5:53:03 PM org.apache.coyote.AbstractProtocol destroy
INFO: Destroying ProtocolHandler ["ajp-bio-8009"]
Jan 08, 2015 5:53:04 PM org.apache.catalina.core.AprLifecycleListener init
INFO: The APR based Apache Tomcat Native library which allows optimal performance in production environments was not found on the java.library.path: C:\Program Files\Java\jdk1.7.0_51\bin;C:\windows\Sun\Java\bin;C:\windows\system32;C:\windows;C:\Perl64\site\bin;C:\Perl64\bin;C:\windows\system32;C:\windows;C:\windows\System32\Wbem;C:\windows\System32\WindowsPowerShell\v1.0\;C:\Program Files\WIDCOMM\Bluetooth Software\;C:\Program Files\WIDCOMM\Bluetooth Software\syswow64;C:\Program Files (x86)\Intel\OpenCL SDK\2.0\bin\x86;C:\Program Files (x86)\Intel\OpenCL SDK\2.0\bin\x64;C:\Program Files\nodejs\;C:\Perl64\site\bin;C:\Perl64\bin;C:\windows\system32;C:\windows;C:\windows\System32\Wbem;C:\windows\System32\WindowsPowerShell\v1.0\;C:\Program Files\WIDCOMM\Bluetooth Software\;C:\Program Files\WIDCOMM\Bluetooth Software\syswow64;C:\Program Files (x86)\Intel\OpenCL SDK\2.0\bin\x86;C:\Program Files (x86)\Intel\OpenCL SDK\2.0\bin\x64;C:\Program Files\nodejs\;e:\xampp\perl\site\bin;x:\xampp\perl\bin;e:\xampp\php;e:\xampp\php\pear;e:\xampp\php\pear\symfony;e:\xampp\mysql\bin;C:\Program Files\PostgreSQL\9.1\bin;C:\Program Files\apache-ant-1.7.1\bin;E:\np\Python27;E:\np\Python27\Tools\Scripts;E:\apache-maven-3.2.1/bin;C:\Program Files (x86)\SSH Communications Security\SSH Secure Shell;C:\Program Files\Java\jdk1.7.0\bin;C:\Program Files (x86)\Microsoft Visual Studio 9.0\VC\bin;C:\Users\doraraj\AppData\Roaming\npm;C:\pgsql931\bin;.
Jan 08, 2015 5:53:04 PM org.apache.coyote.AbstractProtocol init
INFO: Initializing ProtocolHandler ["http-bio-8080"]
Jan 08, 2015 5:53:04 PM org.apache.coyote.AbstractProtocol init
INFO: Initializing ProtocolHandler ["ajp-bio-8009"]
Jan 08, 2015 5:53:04 PM org.apache.catalina.startup.Catalina load
INFO: Initialization processed in 882 ms
Jan 08, 2015 5:53:05 PM org.apache.catalina.core.StandardService startInternal
INFO: Starting service Catalina
Jan 08, 2015 5:53:05 PM org.apache.catalina.core.StandardEngine startInternal
INFO: Starting Servlet Engine: Apache Tomcat/7.0.42
Jan 08, 2015 5:53:05 PM org.apache.catalina.startup.HostConfig deployDescriptor
INFO: Deploying configuration descriptor E:\ocmsLR\bundle\tomcat-7.0.42\conf\Catalina\localhost\ocms-portlet.xml
Jan 08, 2015 5:53:05 PM org.apache.catalina.startup.HostConfig deployDescriptor
WARNING: A docBase E:\ocmsLR\bundle\tomcat-7.0.42\webapps\ocms-portlet inside the host appBase has been specified, and will be ignored
Jan 08, 2015 5:53:05 PM org.apache.catalina.startup.SetContextPropertiesRule begin
WARNING: [SetContextPropertiesRule]{Context} Setting property 'source' to 'org.eclipse.jst.jee.server:ocms-portlet' did not find a matching property.
Jan 08, 2015 5:53:07 PM org.apache.catalina.startup.HostConfig deployDescriptor
INFO: Deploying configuration descriptor E:\ocmsLR\bundle\tomcat-7.0.42\conf\Catalina\localhost\ROOT.xml
Jan 08, 2015 5:54:38 PM org.apache.catalina.startup.HostConfig deployDirectory
INFO: Deploying web application directory E:\ocmsLR\bundle\tomcat-7.0.42\webapps\calendar-portlet
Jan 08, 2015 5:54:40 PM org.apache.catalina.startup.HostConfig deployDirectory
INFO: Deploying web application directory E:\ocmsLR\bundle\tomcat-7.0.42\webapps\kaleo-web
Jan 08, 2015 5:54:43 PM org.apache.catalina.startup.HostConfig deployDirectory
INFO: Deploying web application directory E:\ocmsLR\bundle\tomcat-7.0.42\webapps\marketplace-portlet
Jan 08, 2015 5:54:56 PM org.apache.catalina.startup.HostConfig deployDirectory
INFO: Deploying web application directory E:\ocmsLR\bundle\tomcat-7.0.42\webapps\notifications-portlet
Jan 08, 2015 5:54:58 PM org.apache.catalina.startup.HostConfig deployDirectory
INFO: Deploying web application directory E:\ocmsLR\bundle\tomcat-7.0.42\webapps\opensocial-portlet
Jan 08, 2015 5:55:04 PM org.apache.catalina.startup.HostConfig deployDirectory
INFO: Deploying web application directory E:\ocmsLR\bundle\tomcat-7.0.42\webapps\resources-importer-web
Jan 08, 2015 5:55:06 PM org.apache.shindig.config.JsonContainerConfig loadContainers
INFO: Loading resources from: containers/default/container.js
Jan 08, 2015 5:55:06 PM org.apache.shindig.config.JsonContainerConfig loadResources
INFO: Reading container config: containers/default/container.js
Jan 08, 2015 5:55:06 PM org.apache.catalina.startup.HostConfig deployDirectory
INFO: Deploying web application directory E:\ocmsLR\bundle\tomcat-7.0.42\webapps\sync-web
Jan 08, 2015 5:55:06 PM org.apache.shindig.gadgets.features.FeatureRegistry register
INFO: Loading resources from: res:features-extras/features.txt
Jan 08, 2015 5:55:06 PM org.apache.shindig.common.xml.XmlUtil <clinit>
INFO: Reusing document builders
Jan 08, 2015 5:55:07 PM org.apache.catalina.startup.HostConfig deployDirectory
INFO: Deploying web application directory E:\ocmsLR\bundle\tomcat-7.0.42\webapps\web-form-portlet
Jan 08, 2015 5:55:09 PM org.apache.catalina.startup.HostConfig deployDirectory
INFO: Deploying web application directory E:\ocmsLR\bundle\tomcat-7.0.42\webapps\welcome-theme
Jan 08, 2015 5:55:11 PM org.apache.coyote.AbstractProtocol start
INFO: Starting ProtocolHandler ["http-bio-8080"]
Jan 08, 2015 5:55:11 PM org.apache.coyote.AbstractProtocol start
INFO: Starting ProtocolHandler ["ajp-bio-8009"]
Jan 08, 2015 5:55:11 PM org.apache.catalina.startup.Catalina start
INFO: Server startup in 126087 ms
Jan 08, 2015 5:55:11 PM org.apache.shindig.gadgets.features.FeatureRegistry register
INFO: Loading resources from: res:features/features.txt
Jan 08, 2015 5:55:26 PM org.apache.shindig.gadgets.servlet.CajaContentRewriter <init>
INFO: Cajoled cache createdorg.apache.shindig.common.cache.ehcache.EhConfiguredCache@45932191
Jan 08, 2015 5:55:26 PM org.apache.shindig.gadgets.servlet.CajaContentRewriter <init>
INFO: Cajoled cache createdorg.apache.shindig.common.cache.ehcache.EhConfiguredCache@45932191
Jan 08, 2015 5:55:26 PM org.apache.shindig.gadgets.oauth.OAuthModule$OAuthCrypterProvider <init>
INFO: Using random key for OAuth client-side state encryption
